<?xml version="1.0" encoding="UTF-8"?>
<!-- Generated by org.testng.reporters.JUnitReportReporter -->
<testsuite skipped="0" hostname="DESKTOP-BTIBFS2" name="lk.ac.mrt.cse.mscresearch.codeclones.ConditionalOpDecodeRegExTest" tests="172" failures="0" timestamp="26 Dec 2018 17:06:26 GMT" time="0.127" errors="0">
  <testcase name="test_other_code_is_not_matched" time="0.000" classname="lk.ac.mrt.cse.mscresearch.codeclones.ConditionalOpDecodeRegExTest"/>
  <testcase name="test_other_code_is_not_matched" time="0.000" classname="lk.ac.mrt.cse.mscresearch.codeclones.ConditionalOpDecodeRegExTest"/>
  <testcase name="test_other_code_is_not_matched" time="0.000" classname="lk.ac.mrt.cse.mscresearch.codeclones.ConditionalOpDecodeRegExTest"/>
  <testcase name="test_other_code_is_not_matched" time="0.000" classname="lk.ac.mrt.cse.mscresearch.codeclones.ConditionalOpDecodeRegExTest"/>
  <testcase name="testinvoke" time="0.000" classname="lk.ac.mrt.cse.mscresearch.codeclones.ConditionalOpDecodeRegExTest"/>
  <testcase name="test_other_code_is_not_matched" time="0.000" classname="lk.ac.mrt.cse.mscresearch.codeclones.ConditionalOpDecodeRegExTest"/>
  <testcase name="test_other_code_is_not_matched" time="0.000" classname="lk.ac.mrt.cse.mscresearch.codeclones.ConditionalOpDecodeRegExTest"/>
  <testcase name="testinvoke" time="0.001" classname="lk.ac.mrt.cse.mscresearch.codeclones.ConditionalOpDecodeRegExTest"/>
  <testcase name="test_other_code_is_not_matched" time="0.000" classname="lk.ac.mrt.cse.mscresearch.codeclones.ConditionalOpDecodeRegExTest"/>
  <testcase name="test_other_code_is_not_matched" time="0.000" classname="lk.ac.mrt.cse.mscresearch.codeclones.ConditionalOpDecodeRegExTest"/>
  <testcase name="test_other_code_is_not_matched" time="0.000" classname="lk.ac.mrt.cse.mscresearch.codeclones.ConditionalOpDecodeRegExTest"/>
  <testcase name="test_other_code_is_not_matched" time="0.000" classname="lk.ac.mrt.cse.mscresearch.codeclones.ConditionalOpDecodeRegExTest"/>
  <testcase name="test_other_code_is_not_matched" time="0.000" classname="lk.ac.mrt.cse.mscresearch.codeclones.ConditionalOpDecodeRegExTest"/>
  <testcase name="test_other_code_is_not_matched" time="0.000" classname="lk.ac.mrt.cse.mscresearch.codeclones.ConditionalOpDecodeRegExTest"/>
  <testcase name="test_other_code_is_not_matched" time="0.000" classname="lk.ac.mrt.cse.mscresearch.codeclones.ConditionalOpDecodeRegExTest"/>
  <testcase name="test_other_code_is_not_matched" time="0.000" classname="lk.ac.mrt.cse.mscresearch.codeclones.ConditionalOpDecodeRegExTest"/>
  <testcase name="testinvoke" time="0.000" classname="lk.ac.mrt.cse.mscresearch.codeclones.ConditionalOpDecodeRegExTest"/>
  <testcase name="test_other_code_is_not_matched" time="0.000" classname="lk.ac.mrt.cse.mscresearch.codeclones.ConditionalOpDecodeRegExTest"/>
  <testcase name="test_other_code_is_not_matched" time="0.000" classname="lk.ac.mrt.cse.mscresearch.codeclones.ConditionalOpDecodeRegExTest"/>
  <testcase name="test_other_code_is_not_matched" time="0.000" classname="lk.ac.mrt.cse.mscresearch.codeclones.ConditionalOpDecodeRegExTest"/>
  <testcase name="test_other_code_is_not_matched" time="0.000" classname="lk.ac.mrt.cse.mscresearch.codeclones.ConditionalOpDecodeRegExTest"/>
  <testcase name="test_other_code_is_not_matched" time="0.000" classname="lk.ac.mrt.cse.mscresearch.codeclones.ConditionalOpDecodeRegExTest"/>
  <testcase name="test_other_code_is_not_matched" time="0.000" classname="lk.ac.mrt.cse.mscresearch.codeclones.ConditionalOpDecodeRegExTest"/>
  <testcase name="test_other_code_is_not_matched" time="0.000" classname="lk.ac.mrt.cse.mscresearch.codeclones.ConditionalOpDecodeRegExTest"/>
  <testcase name="test_other_code_is_not_matched" time="0.000" classname="lk.ac.mrt.cse.mscresearch.codeclones.ConditionalOpDecodeRegExTest"/>
  <testcase name="test_other_code_is_not_matched" time="0.000" classname="lk.ac.mrt.cse.mscresearch.codeclones.ConditionalOpDecodeRegExTest"/>
  <testcase name="test_other_code_is_not_matched" time="0.000" classname="lk.ac.mrt.cse.mscresearch.codeclones.ConditionalOpDecodeRegExTest"/>
  <testcase name="test_other_code_is_not_matched" time="0.000" classname="lk.ac.mrt.cse.mscresearch.codeclones.ConditionalOpDecodeRegExTest"/>
  <testcase name="test_other_code_is_not_matched" time="0.000" classname="lk.ac.mrt.cse.mscresearch.codeclones.ConditionalOpDecodeRegExTest"/>
  <testcase name="test_other_code_is_not_matched" time="0.000" classname="lk.ac.mrt.cse.mscresearch.codeclones.ConditionalOpDecodeRegExTest"/>
  <testcase name="test_other_code_is_not_matched" time="0.000" classname="lk.ac.mrt.cse.mscresearch.codeclones.ConditionalOpDecodeRegExTest"/>
  <testcase name="test_other_code_is_not_matched" time="0.000" classname="lk.ac.mrt.cse.mscresearch.codeclones.ConditionalOpDecodeRegExTest"/>
  <testcase name="test_other_code_is_not_matched" time="0.000" classname="lk.ac.mrt.cse.mscresearch.codeclones.ConditionalOpDecodeRegExTest"/>
  <testcase name="test_other_code_is_not_matched" time="0.000" classname="lk.ac.mrt.cse.mscresearch.codeclones.ConditionalOpDecodeRegExTest"/>
  <testcase name="test_other_code_is_not_matched" time="0.000" classname="lk.ac.mrt.cse.mscresearch.codeclones.ConditionalOpDecodeRegExTest"/>
  <testcase name="test_other_code_is_not_matched" time="0.000" classname="lk.ac.mrt.cse.mscresearch.codeclones.ConditionalOpDecodeRegExTest"/>
  <testcase name="test_other_code_is_not_matched" time="0.000" classname="lk.ac.mrt.cse.mscresearch.codeclones.ConditionalOpDecodeRegExTest"/>
  <testcase name="test_other_code_is_not_matched" time="0.000" classname="lk.ac.mrt.cse.mscresearch.codeclones.ConditionalOpDecodeRegExTest"/>
  <testcase name="test_other_code_is_not_matched" time="0.000" classname="lk.ac.mrt.cse.mscresearch.codeclones.ConditionalOpDecodeRegExTest"/>
  <testcase name="test_other_code_is_not_matched" time="0.000" classname="lk.ac.mrt.cse.mscresearch.codeclones.ConditionalOpDecodeRegExTest"/>
  <testcase name="test_other_code_is_not_matched" time="0.000" classname="lk.ac.mrt.cse.mscresearch.codeclones.ConditionalOpDecodeRegExTest"/>
  <testcase name="test_other_code_is_not_matched" time="0.000" classname="lk.ac.mrt.cse.mscresearch.codeclones.ConditionalOpDecodeRegExTest"/>
  <testcase name="test_other_code_is_not_matched" time="0.001" classname="lk.ac.mrt.cse.mscresearch.codeclones.ConditionalOpDecodeRegExTest"/>
  <testcase name="test_other_code_is_not_matched" time="0.000" classname="lk.ac.mrt.cse.mscresearch.codeclones.ConditionalOpDecodeRegExTest"/>
  <testcase name="test_other_code_is_not_matched" time="0.001" classname="lk.ac.mrt.cse.mscresearch.codeclones.ConditionalOpDecodeRegExTest"/>
  <testcase name="test_other_code_is_not_matched" time="0.000" classname="lk.ac.mrt.cse.mscresearch.codeclones.ConditionalOpDecodeRegExTest"/>
  <testcase name="testinvoke" time="0.000" classname="lk.ac.mrt.cse.mscresearch.codeclones.ConditionalOpDecodeRegExTest"/>
  <testcase name="test_other_code_is_not_matched" time="0.050" classname="lk.ac.mrt.cse.mscresearch.codeclones.ConditionalOpDecodeRegExTest"/>
  <testcase name="test_other_code_is_not_matched" time="0.000" classname="lk.ac.mrt.cse.mscresearch.codeclones.ConditionalOpDecodeRegExTest"/>
  <testcase name="test_other_code_is_not_matched" time="0.000" classname="lk.ac.mrt.cse.mscresearch.codeclones.ConditionalOpDecodeRegExTest"/>
  <testcase name="test_other_code_is_not_matched" time="0.000" classname="lk.ac.mrt.cse.mscresearch.codeclones.ConditionalOpDecodeRegExTest"/>
  <testcase name="test_other_code_is_not_matched" time="0.000" classname="lk.ac.mrt.cse.mscresearch.codeclones.ConditionalOpDecodeRegExTest"/>
  <testcase name="test_other_code_is_not_matched" time="0.001" classname="lk.ac.mrt.cse.mscresearch.codeclones.ConditionalOpDecodeRegExTest"/>
  <testcase name="test_other_code_is_not_matched" time="0.000" classname="lk.ac.mrt.cse.mscresearch.codeclones.ConditionalOpDecodeRegExTest"/>
  <testcase name="test_other_code_is_not_matched" time="0.000" classname="lk.ac.mrt.cse.mscresearch.codeclones.ConditionalOpDecodeRegExTest"/>
  <testcase name="test_other_code_is_not_matched" time="0.000" classname="lk.ac.mrt.cse.mscresearch.codeclones.ConditionalOpDecodeRegExTest"/>
  <testcase name="test_other_code_is_not_matched" time="0.001" classname="lk.ac.mrt.cse.mscresearch.codeclones.ConditionalOpDecodeRegExTest"/>
  <testcase name="test_other_code_is_not_matched" time="0.000" classname="lk.ac.mrt.cse.mscresearch.codeclones.ConditionalOpDecodeRegExTest"/>
  <testcase name="test_other_code_is_not_matched" time="0.000" classname="lk.ac.mrt.cse.mscresearch.codeclones.ConditionalOpDecodeRegExTest"/>
  <testcase name="test_other_code_is_not_matched" time="0.000" classname="lk.ac.mrt.cse.mscresearch.codeclones.ConditionalOpDecodeRegExTest"/>
  <testcase name="test_other_code_is_not_matched" time="0.000" classname="lk.ac.mrt.cse.mscresearch.codeclones.ConditionalOpDecodeRegExTest"/>
  <testcase name="test_other_code_is_not_matched" time="0.000" classname="lk.ac.mrt.cse.mscresearch.codeclones.ConditionalOpDecodeRegExTest"/>
  <testcase name="test_other_code_is_not_matched" time="0.000" classname="lk.ac.mrt.cse.mscresearch.codeclones.ConditionalOpDecodeRegExTest"/>
  <testcase name="test_other_code_is_not_matched" time="0.000" classname="lk.ac.mrt.cse.mscresearch.codeclones.ConditionalOpDecodeRegExTest"/>
  <testcase name="test_other_code_is_not_matched" time="0.000" classname="lk.ac.mrt.cse.mscresearch.codeclones.ConditionalOpDecodeRegExTest"/>
  <testcase name="test_other_code_is_not_matched" time="0.000" classname="lk.ac.mrt.cse.mscresearch.codeclones.ConditionalOpDecodeRegExTest"/>
  <testcase name="test_other_code_is_not_matched" time="0.001" classname="lk.ac.mrt.cse.mscresearch.codeclones.ConditionalOpDecodeRegExTest"/>
  <testcase name="test_other_code_is_not_matched" time="0.000" classname="lk.ac.mrt.cse.mscresearch.codeclones.ConditionalOpDecodeRegExTest"/>
  <testcase name="test_other_code_is_not_matched" time="0.000" classname="lk.ac.mrt.cse.mscresearch.codeclones.ConditionalOpDecodeRegExTest"/>
  <testcase name="test_other_code_is_not_matched" time="0.000" classname="lk.ac.mrt.cse.mscresearch.codeclones.ConditionalOpDecodeRegExTest"/>
  <testcase name="test_other_code_is_not_matched" time="0.000" classname="lk.ac.mrt.cse.mscresearch.codeclones.ConditionalOpDecodeRegExTest"/>
  <testcase name="test_other_code_is_not_matched" time="0.000" classname="lk.ac.mrt.cse.mscresearch.codeclones.ConditionalOpDecodeRegExTest"/>
  <testcase name="test_other_code_is_not_matched" time="0.000" classname="lk.ac.mrt.cse.mscresearch.codeclones.ConditionalOpDecodeRegExTest"/>
  <testcase name="test_other_code_is_not_matched" time="0.000" classname="lk.ac.mrt.cse.mscresearch.codeclones.ConditionalOpDecodeRegExTest"/>
  <testcase name="test_other_code_is_not_matched" time="0.000" classname="lk.ac.mrt.cse.mscresearch.codeclones.ConditionalOpDecodeRegExTest"/>
  <testcase name="test_other_code_is_not_matched" time="0.001" classname="lk.ac.mrt.cse.mscresearch.codeclones.ConditionalOpDecodeRegExTest"/>
  <testcase name="test_other_code_is_not_matched" time="0.000" classname="lk.ac.mrt.cse.mscresearch.codeclones.ConditionalOpDecodeRegExTest"/>
  <testcase name="test_other_code_is_not_matched" time="0.000" classname="lk.ac.mrt.cse.mscresearch.codeclones.ConditionalOpDecodeRegExTest"/>
  <testcase name="test_other_code_is_not_matched" time="0.000" classname="lk.ac.mrt.cse.mscresearch.codeclones.ConditionalOpDecodeRegExTest"/>
  <testcase name="test_other_code_is_not_matched" time="0.000" classname="lk.ac.mrt.cse.mscresearch.codeclones.ConditionalOpDecodeRegExTest"/>
  <testcase name="test_other_code_is_not_matched" time="0.000" classname="lk.ac.mrt.cse.mscresearch.codeclones.ConditionalOpDecodeRegExTest"/>
  <testcase name="testinvoke" time="0.000" classname="lk.ac.mrt.cse.mscresearch.codeclones.ConditionalOpDecodeRegExTest"/>
  <testcase name="test_other_code_is_not_matched" time="0.000" classname="lk.ac.mrt.cse.mscresearch.codeclones.ConditionalOpDecodeRegExTest"/>
  <testcase name="test_other_code_is_not_matched" time="0.000" classname="lk.ac.mrt.cse.mscresearch.codeclones.ConditionalOpDecodeRegExTest"/>
  <testcase name="testinvoke" time="0.000" classname="lk.ac.mrt.cse.mscresearch.codeclones.ConditionalOpDecodeRegExTest"/>
  <testcase name="test_other_code_is_not_matched" time="0.000" classname="lk.ac.mrt.cse.mscresearch.codeclones.ConditionalOpDecodeRegExTest"/>
  <testcase name="test_other_code_is_not_matched" time="0.000" classname="lk.ac.mrt.cse.mscresearch.codeclones.ConditionalOpDecodeRegExTest"/>
  <testcase name="test_other_code_is_not_matched" time="0.000" classname="lk.ac.mrt.cse.mscresearch.codeclones.ConditionalOpDecodeRegExTest"/>
  <testcase name="test_other_code_is_not_matched" time="0.001" classname="lk.ac.mrt.cse.mscresearch.codeclones.ConditionalOpDecodeRegExTest"/>
  <testcase name="test_other_code_is_not_matched" time="0.000" classname="lk.ac.mrt.cse.mscresearch.codeclones.ConditionalOpDecodeRegExTest"/>
  <testcase name="test_other_code_is_not_matched" time="0.001" classname="lk.ac.mrt.cse.mscresearch.codeclones.ConditionalOpDecodeRegExTest"/>
  <testcase name="test_other_code_is_not_matched" time="0.000" classname="lk.ac.mrt.cse.mscresearch.codeclones.ConditionalOpDecodeRegExTest"/>
  <testcase name="test_other_code_is_not_matched" time="0.000" classname="lk.ac.mrt.cse.mscresearch.codeclones.ConditionalOpDecodeRegExTest"/>
  <testcase name="test_other_code_is_not_matched" time="0.000" classname="lk.ac.mrt.cse.mscresearch.codeclones.ConditionalOpDecodeRegExTest"/>
  <testcase name="test_other_code_is_not_matched" time="0.000" classname="lk.ac.mrt.cse.mscresearch.codeclones.ConditionalOpDecodeRegExTest"/>
  <testcase name="test_other_code_is_not_matched" time="0.000" classname="lk.ac.mrt.cse.mscresearch.codeclones.ConditionalOpDecodeRegExTest"/>
  <testcase name="test_other_code_is_not_matched" time="0.000" classname="lk.ac.mrt.cse.mscresearch.codeclones.ConditionalOpDecodeRegExTest"/>
  <testcase name="test_other_code_is_not_matched" time="0.001" classname="lk.ac.mrt.cse.mscresearch.codeclones.ConditionalOpDecodeRegExTest"/>
  <testcase name="test_other_code_is_not_matched" time="0.000" classname="lk.ac.mrt.cse.mscresearch.codeclones.ConditionalOpDecodeRegExTest"/>
  <testcase name="test_other_code_is_not_matched" time="0.000" classname="lk.ac.mrt.cse.mscresearch.codeclones.ConditionalOpDecodeRegExTest"/>
  <testcase name="test_other_code_is_not_matched" time="0.000" classname="lk.ac.mrt.cse.mscresearch.codeclones.ConditionalOpDecodeRegExTest"/>
  <testcase name="test_other_code_is_not_matched" time="0.000" classname="lk.ac.mrt.cse.mscresearch.codeclones.ConditionalOpDecodeRegExTest"/>
  <testcase name="test_other_code_is_not_matched" time="0.000" classname="lk.ac.mrt.cse.mscresearch.codeclones.ConditionalOpDecodeRegExTest"/>
  <testcase name="test_other_code_is_not_matched" time="0.000" classname="lk.ac.mrt.cse.mscresearch.codeclones.ConditionalOpDecodeRegExTest"/>
  <testcase name="test_other_code_is_not_matched" time="0.000" classname="lk.ac.mrt.cse.mscresearch.codeclones.ConditionalOpDecodeRegExTest"/>
  <testcase name="testinvoke" time="0.000" classname="lk.ac.mrt.cse.mscresearch.codeclones.ConditionalOpDecodeRegExTest"/>
  <testcase name="test_other_code_is_not_matched" time="0.000" classname="lk.ac.mrt.cse.mscresearch.codeclones.ConditionalOpDecodeRegExTest"/>
  <testcase name="test_other_code_is_not_matched" time="0.000" classname="lk.ac.mrt.cse.mscresearch.codeclones.ConditionalOpDecodeRegExTest"/>
  <testcase name="testinvoke" time="0.000" classname="lk.ac.mrt.cse.mscresearch.codeclones.ConditionalOpDecodeRegExTest"/>
  <testcase name="test_other_code_is_not_matched" time="0.000" classname="lk.ac.mrt.cse.mscresearch.codeclones.ConditionalOpDecodeRegExTest"/>
  <testcase name="test_other_code_is_not_matched" time="0.000" classname="lk.ac.mrt.cse.mscresearch.codeclones.ConditionalOpDecodeRegExTest"/>
  <testcase name="test_other_code_is_not_matched" time="0.000" classname="lk.ac.mrt.cse.mscresearch.codeclones.ConditionalOpDecodeRegExTest"/>
  <testcase name="test_other_code_is_not_matched" time="0.000" classname="lk.ac.mrt.cse.mscresearch.codeclones.ConditionalOpDecodeRegExTest"/>
  <testcase name="test_other_code_is_not_matched" time="0.000" classname="lk.ac.mrt.cse.mscresearch.codeclones.ConditionalOpDecodeRegExTest"/>
  <testcase name="test_other_code_is_not_matched" time="0.000" classname="lk.ac.mrt.cse.mscresearch.codeclones.ConditionalOpDecodeRegExTest"/>
  <testcase name="test_other_code_is_not_matched" time="0.000" classname="lk.ac.mrt.cse.mscresearch.codeclones.ConditionalOpDecodeRegExTest"/>
  <testcase name="testinvoke" time="0.000" classname="lk.ac.mrt.cse.mscresearch.codeclones.ConditionalOpDecodeRegExTest"/>
  <testcase name="test_other_code_is_not_matched" time="0.000" classname="lk.ac.mrt.cse.mscresearch.codeclones.ConditionalOpDecodeRegExTest"/>
  <testcase name="test_other_code_is_not_matched" time="0.000" classname="lk.ac.mrt.cse.mscresearch.codeclones.ConditionalOpDecodeRegExTest"/>
  <testcase name="test_other_code_is_not_matched" time="0.000" classname="lk.ac.mrt.cse.mscresearch.codeclones.ConditionalOpDecodeRegExTest"/>
  <testcase name="test_other_code_is_not_matched" time="0.000" classname="lk.ac.mrt.cse.mscresearch.codeclones.ConditionalOpDecodeRegExTest"/>
  <testcase name="test_other_code_is_not_matched" time="0.000" classname="lk.ac.mrt.cse.mscresearch.codeclones.ConditionalOpDecodeRegExTest"/>
  <testcase name="test_other_code_is_not_matched" time="0.000" classname="lk.ac.mrt.cse.mscresearch.codeclones.ConditionalOpDecodeRegExTest"/>
  <testcase name="test_other_code_is_not_matched" time="0.000" classname="lk.ac.mrt.cse.mscresearch.codeclones.ConditionalOpDecodeRegExTest"/>
  <testcase name="test_other_code_is_not_matched" time="0.000" classname="lk.ac.mrt.cse.mscresearch.codeclones.ConditionalOpDecodeRegExTest"/>
  <testcase name="test_other_code_is_not_matched" time="0.000" classname="lk.ac.mrt.cse.mscresearch.codeclones.ConditionalOpDecodeRegExTest"/>
  <testcase name="test_other_code_is_not_matched" time="0.000" classname="lk.ac.mrt.cse.mscresearch.codeclones.ConditionalOpDecodeRegExTest"/>
  <testcase name="test_other_code_is_not_matched" time="0.000" classname="lk.ac.mrt.cse.mscresearch.codeclones.ConditionalOpDecodeRegExTest"/>
  <testcase name="test_other_code_is_not_matched" time="0.061" classname="lk.ac.mrt.cse.mscresearch.codeclones.ConditionalOpDecodeRegExTest"/>
  <testcase name="test_other_code_is_not_matched" time="0.000" classname="lk.ac.mrt.cse.mscresearch.codeclones.ConditionalOpDecodeRegExTest"/>
  <testcase name="test_other_code_is_not_matched" time="0.000" classname="lk.ac.mrt.cse.mscresearch.codeclones.ConditionalOpDecodeRegExTest"/>
  <testcase name="test_other_code_is_not_matched" time="0.000" classname="lk.ac.mrt.cse.mscresearch.codeclones.ConditionalOpDecodeRegExTest"/>
  <testcase name="test_other_code_is_not_matched" time="0.000" classname="lk.ac.mrt.cse.mscresearch.codeclones.ConditionalOpDecodeRegExTest"/>
  <testcase name="test_other_code_is_not_matched" time="0.000" classname="lk.ac.mrt.cse.mscresearch.codeclones.ConditionalOpDecodeRegExTest"/>
  <testcase name="test_other_code_is_not_matched" time="0.000" classname="lk.ac.mrt.cse.mscresearch.codeclones.ConditionalOpDecodeRegExTest"/>
  <testcase name="test_other_code_is_not_matched" time="0.000" classname="lk.ac.mrt.cse.mscresearch.codeclones.ConditionalOpDecodeRegExTest"/>
  <testcase name="test_other_code_is_not_matched" time="0.000" classname="lk.ac.mrt.cse.mscresearch.codeclones.ConditionalOpDecodeRegExTest"/>
  <testcase name="test_other_code_is_not_matched" time="0.000" classname="lk.ac.mrt.cse.mscresearch.codeclones.ConditionalOpDecodeRegExTest"/>
  <testcase name="test_other_code_is_not_matched" time="0.000" classname="lk.ac.mrt.cse.mscresearch.codeclones.ConditionalOpDecodeRegExTest"/>
  <testcase name="test_other_code_is_not_matched" time="0.000" classname="lk.ac.mrt.cse.mscresearch.codeclones.ConditionalOpDecodeRegExTest"/>
  <testcase name="test_other_code_is_not_matched" time="0.000" classname="lk.ac.mrt.cse.mscresearch.codeclones.ConditionalOpDecodeRegExTest"/>
  <testcase name="test_other_code_is_not_matched" time="0.000" classname="lk.ac.mrt.cse.mscresearch.codeclones.ConditionalOpDecodeRegExTest"/>
  <testcase name="testinvoke" time="0.000" classname="lk.ac.mrt.cse.mscresearch.codeclones.ConditionalOpDecodeRegExTest"/>
  <testcase name="test_other_code_is_not_matched" time="0.000" classname="lk.ac.mrt.cse.mscresearch.codeclones.ConditionalOpDecodeRegExTest"/>
  <testcase name="test_other_code_is_not_matched" time="0.000" classname="lk.ac.mrt.cse.mscresearch.codeclones.ConditionalOpDecodeRegExTest"/>
  <testcase name="test_other_code_is_not_matched" time="0.000" classname="lk.ac.mrt.cse.mscresearch.codeclones.ConditionalOpDecodeRegExTest"/>
  <testcase name="test_other_code_is_not_matched" time="0.000" classname="lk.ac.mrt.cse.mscresearch.codeclones.ConditionalOpDecodeRegExTest"/>
  <testcase name="test_other_code_is_not_matched" time="0.000" classname="lk.ac.mrt.cse.mscresearch.codeclones.ConditionalOpDecodeRegExTest"/>
  <testcase name="test_other_code_is_not_matched" time="0.000" classname="lk.ac.mrt.cse.mscresearch.codeclones.ConditionalOpDecodeRegExTest"/>
  <testcase name="test_other_code_is_not_matched" time="0.000" classname="lk.ac.mrt.cse.mscresearch.codeclones.ConditionalOpDecodeRegExTest"/>
  <testcase name="test_other_code_is_not_matched" time="0.000" classname="lk.ac.mrt.cse.mscresearch.codeclones.ConditionalOpDecodeRegExTest"/>
  <testcase name="test_other_code_is_not_matched" time="0.000" classname="lk.ac.mrt.cse.mscresearch.codeclones.ConditionalOpDecodeRegExTest"/>
  <testcase name="test_other_code_is_not_matched" time="0.001" classname="lk.ac.mrt.cse.mscresearch.codeclones.ConditionalOpDecodeRegExTest"/>
  <testcase name="test_other_code_is_not_matched" time="0.000" classname="lk.ac.mrt.cse.mscresearch.codeclones.ConditionalOpDecodeRegExTest"/>
  <testcase name="test_other_code_is_not_matched" time="0.001" classname="lk.ac.mrt.cse.mscresearch.codeclones.ConditionalOpDecodeRegExTest"/>
  <testcase name="test_other_code_is_not_matched" time="0.001" classname="lk.ac.mrt.cse.mscresearch.codeclones.ConditionalOpDecodeRegExTest"/>
  <testcase name="test_other_code_is_not_matched" time="0.000" classname="lk.ac.mrt.cse.mscresearch.codeclones.ConditionalOpDecodeRegExTest"/>
  <testcase name="test_other_code_is_not_matched" time="0.000" classname="lk.ac.mrt.cse.mscresearch.codeclones.ConditionalOpDecodeRegExTest"/>
  <testcase name="test_other_code_is_not_matched" time="0.000" classname="lk.ac.mrt.cse.mscresearch.codeclones.ConditionalOpDecodeRegExTest"/>
  <testcase name="test_other_code_is_not_matched" time="0.000" classname="lk.ac.mrt.cse.mscresearch.codeclones.ConditionalOpDecodeRegExTest"/>
  <testcase name="test_other_code_is_not_matched" time="0.000" classname="lk.ac.mrt.cse.mscresearch.codeclones.ConditionalOpDecodeRegExTest"/>
  <testcase name="test_other_code_is_not_matched" time="0.001" classname="lk.ac.mrt.cse.mscresearch.codeclones.ConditionalOpDecodeRegExTest"/>
  <testcase name="test_other_code_is_not_matched" time="0.000" classname="lk.ac.mrt.cse.mscresearch.codeclones.ConditionalOpDecodeRegExTest"/>
  <testcase name="test_other_code_is_not_matched" time="0.000" classname="lk.ac.mrt.cse.mscresearch.codeclones.ConditionalOpDecodeRegExTest"/>
  <testcase name="test_other_code_is_not_matched" time="0.000" classname="lk.ac.mrt.cse.mscresearch.codeclones.ConditionalOpDecodeRegExTest"/>
  <testcase name="testinvoke" time="0.001" classname="lk.ac.mrt.cse.mscresearch.codeclones.ConditionalOpDecodeRegExTest"/>
  <testcase name="test_other_code_is_not_matched" time="0.000" classname="lk.ac.mrt.cse.mscresearch.codeclones.ConditionalOpDecodeRegExTest"/>
  <testcase name="test_other_code_is_not_matched" time="0.001" classname="lk.ac.mrt.cse.mscresearch.codeclones.ConditionalOpDecodeRegExTest"/>
  <testcase name="test_other_code_is_not_matched" time="0.000" classname="lk.ac.mrt.cse.mscresearch.codeclones.ConditionalOpDecodeRegExTest"/>
  <testcase name="test_other_code_is_not_matched" time="0.000" classname="lk.ac.mrt.cse.mscresearch.codeclones.ConditionalOpDecodeRegExTest"/>
  <testcase name="test_other_code_is_not_matched" time="0.000" classname="lk.ac.mrt.cse.mscresearch.codeclones.ConditionalOpDecodeRegExTest"/>
  <testcase name="test_other_code_is_not_matched" time="0.000" classname="lk.ac.mrt.cse.mscresearch.codeclones.ConditionalOpDecodeRegExTest"/>
</testsuite> <!-- lk.ac.mrt.cse.mscresearch.codeclones.ConditionalOpDecodeRegExTest -->
