<?xml version="1.0" encoding="UTF-8"?>
<!-- Generated by org.testng.reporters.JUnitReportReporter -->
<testsuite skipped="0" hostname="DESKTOP-BTIBFS2" name="lk.ac.mrt.cse.mscresearch.codeclones.InstructionDecodeRegExTest" tests="9" failures="0" timestamp="24 Dec 2018 16:34:28 GMT" time="0.022" errors="0">
  <testcase name="testinvoke" time="0.001" classname="lk.ac.mrt.cse.mscresearch.codeclones.InstructionDecodeRegExTest"/>
  <testcase name="testinvoke" time="0.002" classname="lk.ac.mrt.cse.mscresearch.codeclones.InstructionDecodeRegExTest"/>
  <testcase name="testinvoke" time="0.002" classname="lk.ac.mrt.cse.mscresearch.codeclones.InstructionDecodeRegExTest"/>
  <testcase name="testinvoke" time="0.001" classname="lk.ac.mrt.cse.mscresearch.codeclones.InstructionDecodeRegExTest"/>
  <testcase name="testinvoke" time="0.002" classname="lk.ac.mrt.cse.mscresearch.codeclones.InstructionDecodeRegExTest"/>
  <testcase name="testinvoke" time="0.000" classname="lk.ac.mrt.cse.mscresearch.codeclones.InstructionDecodeRegExTest"/>
  <testcase name="testinvoke" time="0.008" classname="lk.ac.mrt.cse.mscresearch.codeclones.InstructionDecodeRegExTest"/>
  <testcase name="testinvoke" time="0.004" classname="lk.ac.mrt.cse.mscresearch.codeclones.InstructionDecodeRegExTest"/>
  <testcase name="testinvoke" time="0.002" classname="lk.ac.mrt.cse.mscresearch.codeclones.InstructionDecodeRegExTest"/>
</testsuite> <!-- lk.ac.mrt.cse.mscresearch.codeclones.InstructionDecodeRegExTest -->
