<?xml version="1.0" encoding="UTF-8"?>
<!-- Generated by org.testng.reporters.JUnitReportReporter -->
<testsuite skipped="0" hostname="DESKTOP-BTIBFS2" name="lk.ac.mrt.cse.mscresearch.codeclones.InstructionSplitterRegExTest" tests="1" failures="0" timestamp="27 Dec 2018 17:26:37 GMT" time="0.000" errors="0">
  <testcase name="testinvoke" time="0.000" classname="lk.ac.mrt.cse.mscresearch.codeclones.InstructionSplitterRegExTest"/>
</testsuite> <!-- lk.ac.mrt.cse.mscresearch.codeclones.InstructionSplitterRegExTest -->
