<?xml version="1.0" encoding="UTF-8"?>
<!-- Generated by org.testng.reporters.JUnitReportReporter -->
<testsuite skipped="0" hostname="DESKTOP-BTIBFS2" name="lk.ac.mrt.cse.mscresearch.codeclones.RegularExpressionUtilTest" tests="14" failures="0" timestamp="25 Dec 2018 07:35:12 GMT" time="0.135" errors="0">
  <testcase name="testSplitMethods" time="0.017" classname="lk.ac.mrt.cse.mscresearch.codeclones.RegularExpressionUtilTest"/>
  <testcase name="test_byte_code_accessibleMethods" time="0.000" classname="lk.ac.mrt.cse.mscresearch.codeclones.RegularExpressionUtilTest"/>
  <testcase name="test_byte_code_accessibleMethods" time="0.001" classname="lk.ac.mrt.cse.mscresearch.codeclones.RegularExpressionUtilTest"/>
  <testcase name="test_byte_code_accessibleMethods" time="0.002" classname="lk.ac.mrt.cse.mscresearch.codeclones.RegularExpressionUtilTest"/>
  <testcase name="test_byte_code_accessibleMethods" time="0.000" classname="lk.ac.mrt.cse.mscresearch.codeclones.RegularExpressionUtilTest"/>
  <testcase name="test_byte_code_accessibleMethods" time="0.001" classname="lk.ac.mrt.cse.mscresearch.codeclones.RegularExpressionUtilTest"/>
  <testcase name="test_byte_code_accessibleMethods" time="0.000" classname="lk.ac.mrt.cse.mscresearch.codeclones.RegularExpressionUtilTest"/>
  <testcase name="test_byte_code_accessibleMethods" time="0.003" classname="lk.ac.mrt.cse.mscresearch.codeclones.RegularExpressionUtilTest"/>
  <testcase name="testSplitMethods" time="0.016" classname="lk.ac.mrt.cse.mscresearch.codeclones.RegularExpressionUtilTest"/>
  <testcase name="test_byte_code_accessibleMethods" time="0.002" classname="lk.ac.mrt.cse.mscresearch.codeclones.RegularExpressionUtilTest"/>
  <testcase name="testMethodExtrat" time="0.092" classname="lk.ac.mrt.cse.mscresearch.codeclones.RegularExpressionUtilTest"/>
  <testcase name="test_byte_code_accessibleMethods" time="0.001" classname="lk.ac.mrt.cse.mscresearch.codeclones.RegularExpressionUtilTest"/>
  <testcase name="testMethodExtrat" time="0.000" classname="lk.ac.mrt.cse.mscresearch.codeclones.RegularExpressionUtilTest"/>
  <testcase name="test_byte_code_accessibleMethods" time="0.000" classname="lk.ac.mrt.cse.mscresearch.codeclones.RegularExpressionUtilTest"/>
</testsuite> <!-- lk.ac.mrt.cse.mscresearch.codeclones.RegularExpressionUtilTest -->
