<?xml version="1.0" encoding="UTF-8"?>
<!-- Generated by org.testng.reporters.JUnitReportReporter -->
<testsuite skipped="0" hostname="DESKTOP-BTIBFS2" name="lk.ac.mrt.cse.mscresearch.codeclones.RegularExpressionUtilTest" tests="14" failures="0" timestamp="30 Dec 2018 09:22:18 GMT" time="0.097" errors="0">
  <testcase name="testMethodExtrat" time="0.016" classname="lk.ac.mrt.cse.mscresearch.codeclones.RegularExpressionUtilTest"/>
  <testcase name="test_byte_code_accessibleMethods" time="0.001" classname="lk.ac.mrt.cse.mscresearch.codeclones.RegularExpressionUtilTest"/>
  <testcase name="test_byte_code_accessibleMethods" time="0.000" classname="lk.ac.mrt.cse.mscresearch.codeclones.RegularExpressionUtilTest"/>
  <testcase name="testMethodExtrat" time="0.050" classname="lk.ac.mrt.cse.mscresearch.codeclones.RegularExpressionUtilTest"/>
  <testcase name="test_byte_code_accessibleMethods" time="0.000" classname="lk.ac.mrt.cse.mscresearch.codeclones.RegularExpressionUtilTest"/>
  <testcase name="test_byte_code_accessibleMethods" time="0.001" classname="lk.ac.mrt.cse.mscresearch.codeclones.RegularExpressionUtilTest"/>
  <testcase name="testSplitMethods" time="0.008" classname="lk.ac.mrt.cse.mscresearch.codeclones.RegularExpressionUtilTest"/>
  <testcase name="test_byte_code_accessibleMethods" time="0.000" classname="lk.ac.mrt.cse.mscresearch.codeclones.RegularExpressionUtilTest"/>
  <testcase name="test_byte_code_accessibleMethods" time="0.000" classname="lk.ac.mrt.cse.mscresearch.codeclones.RegularExpressionUtilTest"/>
  <testcase name="testSplitMethods" time="0.021" classname="lk.ac.mrt.cse.mscresearch.codeclones.RegularExpressionUtilTest"/>
  <testcase name="test_byte_code_accessibleMethods" time="0.000" classname="lk.ac.mrt.cse.mscresearch.codeclones.RegularExpressionUtilTest"/>
  <testcase name="test_byte_code_accessibleMethods" time="0.000" classname="lk.ac.mrt.cse.mscresearch.codeclones.RegularExpressionUtilTest"/>
  <testcase name="test_byte_code_accessibleMethods" time="0.000" classname="lk.ac.mrt.cse.mscresearch.codeclones.RegularExpressionUtilTest"/>
  <testcase name="test_byte_code_accessibleMethods" time="0.000" classname="lk.ac.mrt.cse.mscresearch.codeclones.RegularExpressionUtilTest"/>
</testsuite> <!-- lk.ac.mrt.cse.mscresearch.codeclones.RegularExpressionUtilTest -->
