<?xml version="1.0" encoding="UTF-8"?>
<!-- Generated by org.testng.reporters.JUnitReportReporter -->
<testsuite skipped="0" hostname="DESKTOP-BTIBFS2" name="lk.ac.mrt.cse.mscresearch.codeclones.RegularExpressionUtilTest" tests="14" failures="0" timestamp="26 Dec 2018 17:06:26 GMT" time="0.204" errors="0">
  <testcase name="testMethodExtrat" time="0.065" classname="lk.ac.mrt.cse.mscresearch.codeclones.RegularExpressionUtilTest"/>
  <testcase name="test_byte_code_accessibleMethods" time="0.001" classname="lk.ac.mrt.cse.mscresearch.codeclones.RegularExpressionUtilTest"/>
  <testcase name="test_byte_code_accessibleMethods" time="0.000" classname="lk.ac.mrt.cse.mscresearch.codeclones.RegularExpressionUtilTest"/>
  <testcase name="testSplitMethods" time="0.039" classname="lk.ac.mrt.cse.mscresearch.codeclones.RegularExpressionUtilTest"/>
  <testcase name="test_byte_code_accessibleMethods" time="0.000" classname="lk.ac.mrt.cse.mscresearch.codeclones.RegularExpressionUtilTest"/>
  <testcase name="test_byte_code_accessibleMethods" time="0.000" classname="lk.ac.mrt.cse.mscresearch.codeclones.RegularExpressionUtilTest"/>
  <testcase name="test_byte_code_accessibleMethods" time="0.000" classname="lk.ac.mrt.cse.mscresearch.codeclones.RegularExpressionUtilTest"/>
  <testcase name="test_byte_code_accessibleMethods" time="0.001" classname="lk.ac.mrt.cse.mscresearch.codeclones.RegularExpressionUtilTest"/>
  <testcase name="test_byte_code_accessibleMethods" time="0.000" classname="lk.ac.mrt.cse.mscresearch.codeclones.RegularExpressionUtilTest"/>
  <testcase name="testSplitMethods" time="0.038" classname="lk.ac.mrt.cse.mscresearch.codeclones.RegularExpressionUtilTest"/>
  <testcase name="test_byte_code_accessibleMethods" time="0.027" classname="lk.ac.mrt.cse.mscresearch.codeclones.RegularExpressionUtilTest"/>
  <testcase name="test_byte_code_accessibleMethods" time="0.019" classname="lk.ac.mrt.cse.mscresearch.codeclones.RegularExpressionUtilTest"/>
  <testcase name="test_byte_code_accessibleMethods" time="0.000" classname="lk.ac.mrt.cse.mscresearch.codeclones.RegularExpressionUtilTest"/>
  <testcase name="testMethodExtrat" time="0.014" classname="lk.ac.mrt.cse.mscresearch.codeclones.RegularExpressionUtilTest"/>
</testsuite> <!-- lk.ac.mrt.cse.mscresearch.codeclones.RegularExpressionUtilTest -->
