<?xml version="1.0" encoding="UTF-8"?>
<!-- Generated by org.testng.reporters.JUnitReportReporter -->
<testsuite skipped="0" hostname="DESKTOP-BTIBFS2" name="lk.ac.mrt.cse.mscresearch.codeclones.InvokeDecodeRegExTest" tests="134" failures="0" timestamp="25 Dec 2018 13:39:09 GMT" time="0.103" errors="0">
  <testcase name="test_other_code_is_not_matched" time="0.000" classname="lk.ac.mrt.cse.mscresearch.codeclones.InvokeDecodeRegExTest"/>
  <testcase name="test_other_code_is_not_matched" time="0.001" classname="lk.ac.mrt.cse.mscresearch.codeclones.InvokeDecodeRegExTest"/>
  <testcase name="test_other_code_is_not_matched" time="0.000" classname="lk.ac.mrt.cse.mscresearch.codeclones.InvokeDecodeRegExTest"/>
  <testcase name="test_other_code_is_not_matched" time="0.000" classname="lk.ac.mrt.cse.mscresearch.codeclones.InvokeDecodeRegExTest"/>
  <testcase name="test_other_code_is_not_matched" time="0.001" classname="lk.ac.mrt.cse.mscresearch.codeclones.InvokeDecodeRegExTest"/>
  <testcase name="test_other_code_is_not_matched" time="0.000" classname="lk.ac.mrt.cse.mscresearch.codeclones.InvokeDecodeRegExTest"/>
  <testcase name="test_other_code_is_not_matched" time="0.001" classname="lk.ac.mrt.cse.mscresearch.codeclones.InvokeDecodeRegExTest"/>
  <testcase name="test_other_code_is_not_matched" time="0.000" classname="lk.ac.mrt.cse.mscresearch.codeclones.InvokeDecodeRegExTest"/>
  <testcase name="test_other_code_is_not_matched" time="0.001" classname="lk.ac.mrt.cse.mscresearch.codeclones.InvokeDecodeRegExTest"/>
  <testcase name="testinvoke" time="0.000" classname="lk.ac.mrt.cse.mscresearch.codeclones.InvokeDecodeRegExTest"/>
  <testcase name="test_other_code_is_not_matched" time="0.000" classname="lk.ac.mrt.cse.mscresearch.codeclones.InvokeDecodeRegExTest"/>
  <testcase name="test_other_code_is_not_matched" time="0.001" classname="lk.ac.mrt.cse.mscresearch.codeclones.InvokeDecodeRegExTest"/>
  <testcase name="test_other_code_is_not_matched" time="0.001" classname="lk.ac.mrt.cse.mscresearch.codeclones.InvokeDecodeRegExTest"/>
  <testcase name="test_other_code_is_not_matched" time="0.001" classname="lk.ac.mrt.cse.mscresearch.codeclones.InvokeDecodeRegExTest"/>
  <testcase name="test_other_code_is_not_matched" time="0.001" classname="lk.ac.mrt.cse.mscresearch.codeclones.InvokeDecodeRegExTest"/>
  <testcase name="test_other_code_is_not_matched" time="0.000" classname="lk.ac.mrt.cse.mscresearch.codeclones.InvokeDecodeRegExTest"/>
  <testcase name="test_other_code_is_not_matched" time="0.000" classname="lk.ac.mrt.cse.mscresearch.codeclones.InvokeDecodeRegExTest"/>
  <testcase name="test_other_code_is_not_matched" time="0.000" classname="lk.ac.mrt.cse.mscresearch.codeclones.InvokeDecodeRegExTest"/>
  <testcase name="testinvoke" time="0.001" classname="lk.ac.mrt.cse.mscresearch.codeclones.InvokeDecodeRegExTest"/>
  <testcase name="test_other_code_is_not_matched" time="0.000" classname="lk.ac.mrt.cse.mscresearch.codeclones.InvokeDecodeRegExTest"/>
  <testcase name="test_other_code_is_not_matched" time="0.001" classname="lk.ac.mrt.cse.mscresearch.codeclones.InvokeDecodeRegExTest"/>
  <testcase name="test_other_code_is_not_matched" time="0.001" classname="lk.ac.mrt.cse.mscresearch.codeclones.InvokeDecodeRegExTest"/>
  <testcase name="test_other_code_is_not_matched" time="0.000" classname="lk.ac.mrt.cse.mscresearch.codeclones.InvokeDecodeRegExTest"/>
  <testcase name="test_other_code_is_not_matched" time="0.000" classname="lk.ac.mrt.cse.mscresearch.codeclones.InvokeDecodeRegExTest"/>
  <testcase name="test_other_code_is_not_matched" time="0.000" classname="lk.ac.mrt.cse.mscresearch.codeclones.InvokeDecodeRegExTest"/>
  <testcase name="test_other_code_is_not_matched" time="0.000" classname="lk.ac.mrt.cse.mscresearch.codeclones.InvokeDecodeRegExTest"/>
  <testcase name="test_other_code_is_not_matched" time="0.002" classname="lk.ac.mrt.cse.mscresearch.codeclones.InvokeDecodeRegExTest"/>
  <testcase name="test_other_code_is_not_matched" time="0.000" classname="lk.ac.mrt.cse.mscresearch.codeclones.InvokeDecodeRegExTest"/>
  <testcase name="test_other_code_is_not_matched" time="0.001" classname="lk.ac.mrt.cse.mscresearch.codeclones.InvokeDecodeRegExTest"/>
  <testcase name="test_other_code_is_not_matched" time="0.001" classname="lk.ac.mrt.cse.mscresearch.codeclones.InvokeDecodeRegExTest"/>
  <testcase name="test_other_code_is_not_matched" time="0.001" classname="lk.ac.mrt.cse.mscresearch.codeclones.InvokeDecodeRegExTest"/>
  <testcase name="test_other_code_is_not_matched" time="0.002" classname="lk.ac.mrt.cse.mscresearch.codeclones.InvokeDecodeRegExTest"/>
  <testcase name="test_other_code_is_not_matched" time="0.001" classname="lk.ac.mrt.cse.mscresearch.codeclones.InvokeDecodeRegExTest"/>
  <testcase name="test_other_code_is_not_matched" time="0.001" classname="lk.ac.mrt.cse.mscresearch.codeclones.InvokeDecodeRegExTest"/>
  <testcase name="test_other_code_is_not_matched" time="0.001" classname="lk.ac.mrt.cse.mscresearch.codeclones.InvokeDecodeRegExTest"/>
  <testcase name="test_other_code_is_not_matched" time="0.001" classname="lk.ac.mrt.cse.mscresearch.codeclones.InvokeDecodeRegExTest"/>
  <testcase name="test_other_code_is_not_matched" time="0.000" classname="lk.ac.mrt.cse.mscresearch.codeclones.InvokeDecodeRegExTest"/>
  <testcase name="test_other_code_is_not_matched" time="0.000" classname="lk.ac.mrt.cse.mscresearch.codeclones.InvokeDecodeRegExTest"/>
  <testcase name="test_other_code_is_not_matched" time="0.001" classname="lk.ac.mrt.cse.mscresearch.codeclones.InvokeDecodeRegExTest"/>
  <testcase name="test_other_code_is_not_matched" time="0.001" classname="lk.ac.mrt.cse.mscresearch.codeclones.InvokeDecodeRegExTest"/>
  <testcase name="test_other_code_is_not_matched" time="0.000" classname="lk.ac.mrt.cse.mscresearch.codeclones.InvokeDecodeRegExTest"/>
  <testcase name="test_other_code_is_not_matched" time="0.001" classname="lk.ac.mrt.cse.mscresearch.codeclones.InvokeDecodeRegExTest"/>
  <testcase name="test_other_code_is_not_matched" time="0.002" classname="lk.ac.mrt.cse.mscresearch.codeclones.InvokeDecodeRegExTest"/>
  <testcase name="test_other_code_is_not_matched" time="0.001" classname="lk.ac.mrt.cse.mscresearch.codeclones.InvokeDecodeRegExTest"/>
  <testcase name="test_other_code_is_not_matched" time="0.000" classname="lk.ac.mrt.cse.mscresearch.codeclones.InvokeDecodeRegExTest"/>
  <testcase name="test_other_code_is_not_matched" time="0.000" classname="lk.ac.mrt.cse.mscresearch.codeclones.InvokeDecodeRegExTest"/>
  <testcase name="test_other_code_is_not_matched" time="0.005" classname="lk.ac.mrt.cse.mscresearch.codeclones.InvokeDecodeRegExTest"/>
  <testcase name="test_other_code_is_not_matched" time="0.001" classname="lk.ac.mrt.cse.mscresearch.codeclones.InvokeDecodeRegExTest"/>
  <testcase name="test_other_code_is_not_matched" time="0.001" classname="lk.ac.mrt.cse.mscresearch.codeclones.InvokeDecodeRegExTest"/>
  <testcase name="test_other_code_is_not_matched" time="0.000" classname="lk.ac.mrt.cse.mscresearch.codeclones.InvokeDecodeRegExTest"/>
  <testcase name="test_other_code_is_not_matched" time="0.000" classname="lk.ac.mrt.cse.mscresearch.codeclones.InvokeDecodeRegExTest"/>
  <testcase name="testinvoke" time="0.000" classname="lk.ac.mrt.cse.mscresearch.codeclones.InvokeDecodeRegExTest"/>
  <testcase name="test_other_code_is_not_matched" time="0.000" classname="lk.ac.mrt.cse.mscresearch.codeclones.InvokeDecodeRegExTest"/>
  <testcase name="test_other_code_is_not_matched" time="0.001" classname="lk.ac.mrt.cse.mscresearch.codeclones.InvokeDecodeRegExTest"/>
  <testcase name="test_other_code_is_not_matched" time="0.000" classname="lk.ac.mrt.cse.mscresearch.codeclones.InvokeDecodeRegExTest"/>
  <testcase name="test_other_code_is_not_matched" time="0.001" classname="lk.ac.mrt.cse.mscresearch.codeclones.InvokeDecodeRegExTest"/>
  <testcase name="test_other_code_is_not_matched" time="0.001" classname="lk.ac.mrt.cse.mscresearch.codeclones.InvokeDecodeRegExTest"/>
  <testcase name="test_other_code_is_not_matched" time="0.001" classname="lk.ac.mrt.cse.mscresearch.codeclones.InvokeDecodeRegExTest"/>
  <testcase name="test_other_code_is_not_matched" time="0.011" classname="lk.ac.mrt.cse.mscresearch.codeclones.InvokeDecodeRegExTest"/>
  <testcase name="test_other_code_is_not_matched" time="0.001" classname="lk.ac.mrt.cse.mscresearch.codeclones.InvokeDecodeRegExTest"/>
  <testcase name="test_other_code_is_not_matched" time="0.001" classname="lk.ac.mrt.cse.mscresearch.codeclones.InvokeDecodeRegExTest"/>
  <testcase name="test_other_code_is_not_matched" time="0.001" classname="lk.ac.mrt.cse.mscresearch.codeclones.InvokeDecodeRegExTest"/>
  <testcase name="test_other_code_is_not_matched" time="0.000" classname="lk.ac.mrt.cse.mscresearch.codeclones.InvokeDecodeRegExTest"/>
  <testcase name="test_other_code_is_not_matched" time="0.000" classname="lk.ac.mrt.cse.mscresearch.codeclones.InvokeDecodeRegExTest"/>
  <testcase name="test_other_code_is_not_matched" time="0.003" classname="lk.ac.mrt.cse.mscresearch.codeclones.InvokeDecodeRegExTest"/>
  <testcase name="test_other_code_is_not_matched" time="0.001" classname="lk.ac.mrt.cse.mscresearch.codeclones.InvokeDecodeRegExTest"/>
  <testcase name="test_other_code_is_not_matched" time="0.001" classname="lk.ac.mrt.cse.mscresearch.codeclones.InvokeDecodeRegExTest"/>
  <testcase name="test_other_code_is_not_matched" time="0.001" classname="lk.ac.mrt.cse.mscresearch.codeclones.InvokeDecodeRegExTest"/>
  <testcase name="test_other_code_is_not_matched" time="0.001" classname="lk.ac.mrt.cse.mscresearch.codeclones.InvokeDecodeRegExTest"/>
  <testcase name="test_other_code_is_not_matched" time="0.001" classname="lk.ac.mrt.cse.mscresearch.codeclones.InvokeDecodeRegExTest"/>
  <testcase name="test_other_code_is_not_matched" time="0.001" classname="lk.ac.mrt.cse.mscresearch.codeclones.InvokeDecodeRegExTest"/>
  <testcase name="test_other_code_is_not_matched" time="0.001" classname="lk.ac.mrt.cse.mscresearch.codeclones.InvokeDecodeRegExTest"/>
  <testcase name="test_other_code_is_not_matched" time="0.001" classname="lk.ac.mrt.cse.mscresearch.codeclones.InvokeDecodeRegExTest"/>
  <testcase name="test_other_code_is_not_matched" time="0.000" classname="lk.ac.mrt.cse.mscresearch.codeclones.InvokeDecodeRegExTest"/>
  <testcase name="test_other_code_is_not_matched" time="0.000" classname="lk.ac.mrt.cse.mscresearch.codeclones.InvokeDecodeRegExTest"/>
  <testcase name="test_other_code_is_not_matched" time="0.000" classname="lk.ac.mrt.cse.mscresearch.codeclones.InvokeDecodeRegExTest"/>
  <testcase name="test_other_code_is_not_matched" time="0.000" classname="lk.ac.mrt.cse.mscresearch.codeclones.InvokeDecodeRegExTest"/>
  <testcase name="test_other_code_is_not_matched" time="0.002" classname="lk.ac.mrt.cse.mscresearch.codeclones.InvokeDecodeRegExTest"/>
  <testcase name="testinvoke" time="0.001" classname="lk.ac.mrt.cse.mscresearch.codeclones.InvokeDecodeRegExTest"/>
  <testcase name="test_other_code_is_not_matched" time="0.001" classname="lk.ac.mrt.cse.mscresearch.codeclones.InvokeDecodeRegExTest"/>
  <testcase name="test_other_code_is_not_matched" time="0.001" classname="lk.ac.mrt.cse.mscresearch.codeclones.InvokeDecodeRegExTest"/>
  <testcase name="test_other_code_is_not_matched" time="0.001" classname="lk.ac.mrt.cse.mscresearch.codeclones.InvokeDecodeRegExTest"/>
  <testcase name="test_other_code_is_not_matched" time="0.001" classname="lk.ac.mrt.cse.mscresearch.codeclones.InvokeDecodeRegExTest"/>
  <testcase name="test_other_code_is_not_matched" time="0.001" classname="lk.ac.mrt.cse.mscresearch.codeclones.InvokeDecodeRegExTest"/>
  <testcase name="testinvoke" time="0.000" classname="lk.ac.mrt.cse.mscresearch.codeclones.InvokeDecodeRegExTest"/>
  <testcase name="test_other_code_is_not_matched" time="0.001" classname="lk.ac.mrt.cse.mscresearch.codeclones.InvokeDecodeRegExTest"/>
  <testcase name="test_other_code_is_not_matched" time="0.000" classname="lk.ac.mrt.cse.mscresearch.codeclones.InvokeDecodeRegExTest"/>
  <testcase name="test_other_code_is_not_matched" time="0.001" classname="lk.ac.mrt.cse.mscresearch.codeclones.InvokeDecodeRegExTest"/>
  <testcase name="test_other_code_is_not_matched" time="0.000" classname="lk.ac.mrt.cse.mscresearch.codeclones.InvokeDecodeRegExTest"/>
  <testcase name="test_other_code_is_not_matched" time="0.000" classname="lk.ac.mrt.cse.mscresearch.codeclones.InvokeDecodeRegExTest"/>
  <testcase name="test_other_code_is_not_matched" time="0.001" classname="lk.ac.mrt.cse.mscresearch.codeclones.InvokeDecodeRegExTest"/>
  <testcase name="test_other_code_is_not_matched" time="0.001" classname="lk.ac.mrt.cse.mscresearch.codeclones.InvokeDecodeRegExTest"/>
  <testcase name="test_other_code_is_not_matched" time="0.000" classname="lk.ac.mrt.cse.mscresearch.codeclones.InvokeDecodeRegExTest"/>
  <testcase name="test_other_code_is_not_matched" time="0.000" classname="lk.ac.mrt.cse.mscresearch.codeclones.InvokeDecodeRegExTest"/>
  <testcase name="testinvoke" time="0.001" classname="lk.ac.mrt.cse.mscresearch.codeclones.InvokeDecodeRegExTest"/>
  <testcase name="test_other_code_is_not_matched" time="0.001" classname="lk.ac.mrt.cse.mscresearch.codeclones.InvokeDecodeRegExTest"/>
  <testcase name="testinvoke" time="0.000" classname="lk.ac.mrt.cse.mscresearch.codeclones.InvokeDecodeRegExTest"/>
  <testcase name="test_other_code_is_not_matched" time="0.000" classname="lk.ac.mrt.cse.mscresearch.codeclones.InvokeDecodeRegExTest"/>
  <testcase name="test_other_code_is_not_matched" time="0.001" classname="lk.ac.mrt.cse.mscresearch.codeclones.InvokeDecodeRegExTest"/>
  <testcase name="test_other_code_is_not_matched" time="0.001" classname="lk.ac.mrt.cse.mscresearch.codeclones.InvokeDecodeRegExTest"/>
  <testcase name="test_other_code_is_not_matched" time="0.000" classname="lk.ac.mrt.cse.mscresearch.codeclones.InvokeDecodeRegExTest"/>
  <testcase name="test_other_code_is_not_matched" time="0.001" classname="lk.ac.mrt.cse.mscresearch.codeclones.InvokeDecodeRegExTest"/>
  <testcase name="test_other_code_is_not_matched" time="0.007" classname="lk.ac.mrt.cse.mscresearch.codeclones.InvokeDecodeRegExTest"/>
  <testcase name="test_other_code_is_not_matched" time="0.001" classname="lk.ac.mrt.cse.mscresearch.codeclones.InvokeDecodeRegExTest"/>
  <testcase name="test_other_code_is_not_matched" time="0.001" classname="lk.ac.mrt.cse.mscresearch.codeclones.InvokeDecodeRegExTest"/>
  <testcase name="test_other_code_is_not_matched" time="0.000" classname="lk.ac.mrt.cse.mscresearch.codeclones.InvokeDecodeRegExTest"/>
  <testcase name="test_other_code_is_not_matched" time="0.000" classname="lk.ac.mrt.cse.mscresearch.codeclones.InvokeDecodeRegExTest"/>
  <testcase name="test_other_code_is_not_matched" time="0.001" classname="lk.ac.mrt.cse.mscresearch.codeclones.InvokeDecodeRegExTest"/>
  <testcase name="test_other_code_is_not_matched" time="0.000" classname="lk.ac.mrt.cse.mscresearch.codeclones.InvokeDecodeRegExTest"/>
  <testcase name="test_other_code_is_not_matched" time="0.002" classname="lk.ac.mrt.cse.mscresearch.codeclones.InvokeDecodeRegExTest"/>
  <testcase name="test_other_code_is_not_matched" time="0.000" classname="lk.ac.mrt.cse.mscresearch.codeclones.InvokeDecodeRegExTest"/>
  <testcase name="test_other_code_is_not_matched" time="0.000" classname="lk.ac.mrt.cse.mscresearch.codeclones.InvokeDecodeRegExTest"/>
  <testcase name="test_other_code_is_not_matched" time="0.000" classname="lk.ac.mrt.cse.mscresearch.codeclones.InvokeDecodeRegExTest"/>
  <testcase name="test_other_code_is_not_matched" time="0.000" classname="lk.ac.mrt.cse.mscresearch.codeclones.InvokeDecodeRegExTest"/>
  <testcase name="test_other_code_is_not_matched" time="0.001" classname="lk.ac.mrt.cse.mscresearch.codeclones.InvokeDecodeRegExTest"/>
  <testcase name="test_other_code_is_not_matched" time="0.000" classname="lk.ac.mrt.cse.mscresearch.codeclones.InvokeDecodeRegExTest"/>
  <testcase name="testinvoke" time="0.000" classname="lk.ac.mrt.cse.mscresearch.codeclones.InvokeDecodeRegExTest"/>
  <testcase name="test_other_code_is_not_matched" time="0.001" classname="lk.ac.mrt.cse.mscresearch.codeclones.InvokeDecodeRegExTest"/>
  <testcase name="test_other_code_is_not_matched" time="0.001" classname="lk.ac.mrt.cse.mscresearch.codeclones.InvokeDecodeRegExTest"/>
  <testcase name="test_other_code_is_not_matched" time="0.001" classname="lk.ac.mrt.cse.mscresearch.codeclones.InvokeDecodeRegExTest"/>
  <testcase name="test_other_code_is_not_matched" time="0.000" classname="lk.ac.mrt.cse.mscresearch.codeclones.InvokeDecodeRegExTest"/>
  <testcase name="test_other_code_is_not_matched" time="0.000" classname="lk.ac.mrt.cse.mscresearch.codeclones.InvokeDecodeRegExTest"/>
  <testcase name="test_other_code_is_not_matched" time="0.002" classname="lk.ac.mrt.cse.mscresearch.codeclones.InvokeDecodeRegExTest"/>
  <testcase name="test_other_code_is_not_matched" time="0.000" classname="lk.ac.mrt.cse.mscresearch.codeclones.InvokeDecodeRegExTest"/>
  <testcase name="test_other_code_is_not_matched" time="0.000" classname="lk.ac.mrt.cse.mscresearch.codeclones.InvokeDecodeRegExTest"/>
  <testcase name="testinvoke" time="0.000" classname="lk.ac.mrt.cse.mscresearch.codeclones.InvokeDecodeRegExTest"/>
  <testcase name="testinvoke" time="0.000" classname="lk.ac.mrt.cse.mscresearch.codeclones.InvokeDecodeRegExTest"/>
  <testcase name="test_other_code_is_not_matched" time="0.001" classname="lk.ac.mrt.cse.mscresearch.codeclones.InvokeDecodeRegExTest"/>
  <testcase name="test_other_code_is_not_matched" time="0.001" classname="lk.ac.mrt.cse.mscresearch.codeclones.InvokeDecodeRegExTest"/>
  <testcase name="testinvoke" time="0.001" classname="lk.ac.mrt.cse.mscresearch.codeclones.InvokeDecodeRegExTest"/>
  <testcase name="test_other_code_is_not_matched" time="0.000" classname="lk.ac.mrt.cse.mscresearch.codeclones.InvokeDecodeRegExTest"/>
  <testcase name="test_other_code_is_not_matched" time="0.000" classname="lk.ac.mrt.cse.mscresearch.codeclones.InvokeDecodeRegExTest"/>
  <testcase name="test_other_code_is_not_matched" time="0.001" classname="lk.ac.mrt.cse.mscresearch.codeclones.InvokeDecodeRegExTest"/>
  <testcase name="test_other_code_is_not_matched" time="0.000" classname="lk.ac.mrt.cse.mscresearch.codeclones.InvokeDecodeRegExTest"/>
</testsuite> <!-- lk.ac.mrt.cse.mscresearch.codeclones.InvokeDecodeRegExTest -->
