<?xml version="1.0" encoding="UTF-8"?>
<!-- Generated by org.testng.reporters.JUnitReportReporter -->
<testsuite skipped="0" hostname="DESKTOP-BTIBFS2" name="lk.ac.mrt.cse.mscresearch.codeclones.FieldOpDecodeRegExTest" tests="179" failures="0" timestamp="01 Jan 2019 16:48:34 GMT" time="0.256" errors="0">
  <testcase name="test_other_code_is_not_matched" time="0.001" classname="lk.ac.mrt.cse.mscresearch.codeclones.FieldOpDecodeRegExTest"/>
  <testcase name="test_other_code_is_not_matched" time="0.008" classname="lk.ac.mrt.cse.mscresearch.codeclones.FieldOpDecodeRegExTest"/>
  <testcase name="test_other_code_is_not_matched" time="0.001" classname="lk.ac.mrt.cse.mscresearch.codeclones.FieldOpDecodeRegExTest"/>
  <testcase name="test_other_code_is_not_matched" time="0.002" classname="lk.ac.mrt.cse.mscresearch.codeclones.FieldOpDecodeRegExTest"/>
  <testcase name="test_other_code_is_not_matched" time="0.000" classname="lk.ac.mrt.cse.mscresearch.codeclones.FieldOpDecodeRegExTest"/>
  <testcase name="test_other_code_is_not_matched" time="0.001" classname="lk.ac.mrt.cse.mscresearch.codeclones.FieldOpDecodeRegExTest"/>
  <testcase name="testinvoke" time="0.001" classname="lk.ac.mrt.cse.mscresearch.codeclones.FieldOpDecodeRegExTest"/>
  <testcase name="test_other_code_is_not_matched" time="0.000" classname="lk.ac.mrt.cse.mscresearch.codeclones.FieldOpDecodeRegExTest"/>
  <testcase name="test_other_code_is_not_matched" time="0.001" classname="lk.ac.mrt.cse.mscresearch.codeclones.FieldOpDecodeRegExTest"/>
  <testcase name="testinvoke" time="0.018" classname="lk.ac.mrt.cse.mscresearch.codeclones.FieldOpDecodeRegExTest"/>
  <testcase name="test_other_code_is_not_matched" time="0.000" classname="lk.ac.mrt.cse.mscresearch.codeclones.FieldOpDecodeRegExTest"/>
  <testcase name="testinvoke" time="0.000" classname="lk.ac.mrt.cse.mscresearch.codeclones.FieldOpDecodeRegExTest"/>
  <testcase name="test_other_code_is_not_matched" time="0.000" classname="lk.ac.mrt.cse.mscresearch.codeclones.FieldOpDecodeRegExTest"/>
  <testcase name="test_other_code_is_not_matched" time="0.000" classname="lk.ac.mrt.cse.mscresearch.codeclones.FieldOpDecodeRegExTest"/>
  <testcase name="test_other_code_is_not_matched" time="0.000" classname="lk.ac.mrt.cse.mscresearch.codeclones.FieldOpDecodeRegExTest"/>
  <testcase name="test_other_code_is_not_matched" time="0.000" classname="lk.ac.mrt.cse.mscresearch.codeclones.FieldOpDecodeRegExTest"/>
  <testcase name="testinvoke" time="0.001" classname="lk.ac.mrt.cse.mscresearch.codeclones.FieldOpDecodeRegExTest"/>
  <testcase name="test_other_code_is_not_matched" time="0.001" classname="lk.ac.mrt.cse.mscresearch.codeclones.FieldOpDecodeRegExTest"/>
  <testcase name="test_other_code_is_not_matched" time="0.001" classname="lk.ac.mrt.cse.mscresearch.codeclones.FieldOpDecodeRegExTest"/>
  <testcase name="test_other_code_is_not_matched" time="0.000" classname="lk.ac.mrt.cse.mscresearch.codeclones.FieldOpDecodeRegExTest"/>
  <testcase name="test_other_code_is_not_matched" time="0.001" classname="lk.ac.mrt.cse.mscresearch.codeclones.FieldOpDecodeRegExTest"/>
  <testcase name="test_other_code_is_not_matched" time="0.000" classname="lk.ac.mrt.cse.mscresearch.codeclones.FieldOpDecodeRegExTest"/>
  <testcase name="test_other_code_is_not_matched" time="0.000" classname="lk.ac.mrt.cse.mscresearch.codeclones.FieldOpDecodeRegExTest"/>
  <testcase name="test_other_code_is_not_matched" time="0.001" classname="lk.ac.mrt.cse.mscresearch.codeclones.FieldOpDecodeRegExTest"/>
  <testcase name="test_other_code_is_not_matched" time="0.001" classname="lk.ac.mrt.cse.mscresearch.codeclones.FieldOpDecodeRegExTest"/>
  <testcase name="test_other_code_is_not_matched" time="0.000" classname="lk.ac.mrt.cse.mscresearch.codeclones.FieldOpDecodeRegExTest"/>
  <testcase name="testinvoke" time="0.001" classname="lk.ac.mrt.cse.mscresearch.codeclones.FieldOpDecodeRegExTest"/>
  <testcase name="test_other_code_is_not_matched" time="0.000" classname="lk.ac.mrt.cse.mscresearch.codeclones.FieldOpDecodeRegExTest"/>
  <testcase name="test_other_code_is_not_matched" time="0.000" classname="lk.ac.mrt.cse.mscresearch.codeclones.FieldOpDecodeRegExTest"/>
  <testcase name="testinvoke" time="0.001" classname="lk.ac.mrt.cse.mscresearch.codeclones.FieldOpDecodeRegExTest"/>
  <testcase name="test_other_code_is_not_matched" time="0.000" classname="lk.ac.mrt.cse.mscresearch.codeclones.FieldOpDecodeRegExTest"/>
  <testcase name="test_other_code_is_not_matched" time="0.107" classname="lk.ac.mrt.cse.mscresearch.codeclones.FieldOpDecodeRegExTest"/>
  <testcase name="test_other_code_is_not_matched" time="0.000" classname="lk.ac.mrt.cse.mscresearch.codeclones.FieldOpDecodeRegExTest"/>
  <testcase name="testinvoke" time="0.000" classname="lk.ac.mrt.cse.mscresearch.codeclones.FieldOpDecodeRegExTest"/>
  <testcase name="test_other_code_is_not_matched" time="0.000" classname="lk.ac.mrt.cse.mscresearch.codeclones.FieldOpDecodeRegExTest"/>
  <testcase name="test_other_code_is_not_matched" time="0.000" classname="lk.ac.mrt.cse.mscresearch.codeclones.FieldOpDecodeRegExTest"/>
  <testcase name="test_other_code_is_not_matched" time="0.002" classname="lk.ac.mrt.cse.mscresearch.codeclones.FieldOpDecodeRegExTest"/>
  <testcase name="test_other_code_is_not_matched" time="0.001" classname="lk.ac.mrt.cse.mscresearch.codeclones.FieldOpDecodeRegExTest"/>
  <testcase name="test_other_code_is_not_matched" time="0.000" classname="lk.ac.mrt.cse.mscresearch.codeclones.FieldOpDecodeRegExTest"/>
  <testcase name="test_other_code_is_not_matched" time="0.001" classname="lk.ac.mrt.cse.mscresearch.codeclones.FieldOpDecodeRegExTest"/>
  <testcase name="test_other_code_is_not_matched" time="0.001" classname="lk.ac.mrt.cse.mscresearch.codeclones.FieldOpDecodeRegExTest"/>
  <testcase name="test_other_code_is_not_matched" time="0.001" classname="lk.ac.mrt.cse.mscresearch.codeclones.FieldOpDecodeRegExTest"/>
  <testcase name="test_other_code_is_not_matched" time="0.000" classname="lk.ac.mrt.cse.mscresearch.codeclones.FieldOpDecodeRegExTest"/>
  <testcase name="test_other_code_is_not_matched" time="0.001" classname="lk.ac.mrt.cse.mscresearch.codeclones.FieldOpDecodeRegExTest"/>
  <testcase name="test_other_code_is_not_matched" time="0.000" classname="lk.ac.mrt.cse.mscresearch.codeclones.FieldOpDecodeRegExTest"/>
  <testcase name="test_other_code_is_not_matched" time="0.000" classname="lk.ac.mrt.cse.mscresearch.codeclones.FieldOpDecodeRegExTest"/>
  <testcase name="test_other_code_is_not_matched" time="0.000" classname="lk.ac.mrt.cse.mscresearch.codeclones.FieldOpDecodeRegExTest"/>
  <testcase name="test_other_code_is_not_matched" time="0.002" classname="lk.ac.mrt.cse.mscresearch.codeclones.FieldOpDecodeRegExTest"/>
  <testcase name="test_other_code_is_not_matched" time="0.001" classname="lk.ac.mrt.cse.mscresearch.codeclones.FieldOpDecodeRegExTest"/>
  <testcase name="test_other_code_is_not_matched" time="0.001" classname="lk.ac.mrt.cse.mscresearch.codeclones.FieldOpDecodeRegExTest"/>
  <testcase name="test_other_code_is_not_matched" time="0.001" classname="lk.ac.mrt.cse.mscresearch.codeclones.FieldOpDecodeRegExTest"/>
  <testcase name="test_other_code_is_not_matched" time="0.000" classname="lk.ac.mrt.cse.mscresearch.codeclones.FieldOpDecodeRegExTest"/>
  <testcase name="test_other_code_is_not_matched" time="0.001" classname="lk.ac.mrt.cse.mscresearch.codeclones.FieldOpDecodeRegExTest"/>
  <testcase name="test_other_code_is_not_matched" time="0.001" classname="lk.ac.mrt.cse.mscresearch.codeclones.FieldOpDecodeRegExTest"/>
  <testcase name="test_other_code_is_not_matched" time="0.001" classname="lk.ac.mrt.cse.mscresearch.codeclones.FieldOpDecodeRegExTest"/>
  <testcase name="test_other_code_is_not_matched" time="0.000" classname="lk.ac.mrt.cse.mscresearch.codeclones.FieldOpDecodeRegExTest"/>
  <testcase name="test_other_code_is_not_matched" time="0.001" classname="lk.ac.mrt.cse.mscresearch.codeclones.FieldOpDecodeRegExTest"/>
  <testcase name="test_other_code_is_not_matched" time="0.000" classname="lk.ac.mrt.cse.mscresearch.codeclones.FieldOpDecodeRegExTest"/>
  <testcase name="test_other_code_is_not_matched" time="0.002" classname="lk.ac.mrt.cse.mscresearch.codeclones.FieldOpDecodeRegExTest"/>
  <testcase name="test_other_code_is_not_matched" time="0.001" classname="lk.ac.mrt.cse.mscresearch.codeclones.FieldOpDecodeRegExTest"/>
  <testcase name="test_other_code_is_not_matched" time="0.000" classname="lk.ac.mrt.cse.mscresearch.codeclones.FieldOpDecodeRegExTest"/>
  <testcase name="test_other_code_is_not_matched" time="0.000" classname="lk.ac.mrt.cse.mscresearch.codeclones.FieldOpDecodeRegExTest"/>
  <testcase name="test_other_code_is_not_matched" time="0.000" classname="lk.ac.mrt.cse.mscresearch.codeclones.FieldOpDecodeRegExTest"/>
  <testcase name="test_other_code_is_not_matched" time="0.001" classname="lk.ac.mrt.cse.mscresearch.codeclones.FieldOpDecodeRegExTest"/>
  <testcase name="test_other_code_is_not_matched" time="0.000" classname="lk.ac.mrt.cse.mscresearch.codeclones.FieldOpDecodeRegExTest"/>
  <testcase name="test_other_code_is_not_matched" time="0.001" classname="lk.ac.mrt.cse.mscresearch.codeclones.FieldOpDecodeRegExTest"/>
  <testcase name="test_other_code_is_not_matched" time="0.000" classname="lk.ac.mrt.cse.mscresearch.codeclones.FieldOpDecodeRegExTest"/>
  <testcase name="test_other_code_is_not_matched" time="0.001" classname="lk.ac.mrt.cse.mscresearch.codeclones.FieldOpDecodeRegExTest"/>
  <testcase name="testinvoke" time="0.000" classname="lk.ac.mrt.cse.mscresearch.codeclones.FieldOpDecodeRegExTest"/>
  <testcase name="test_other_code_is_not_matched" time="0.000" classname="lk.ac.mrt.cse.mscresearch.codeclones.FieldOpDecodeRegExTest"/>
  <testcase name="test_other_code_is_not_matched" time="0.001" classname="lk.ac.mrt.cse.mscresearch.codeclones.FieldOpDecodeRegExTest"/>
  <testcase name="test_other_code_is_not_matched" time="0.001" classname="lk.ac.mrt.cse.mscresearch.codeclones.FieldOpDecodeRegExTest"/>
  <testcase name="test_other_code_is_not_matched" time="0.001" classname="lk.ac.mrt.cse.mscresearch.codeclones.FieldOpDecodeRegExTest"/>
  <testcase name="test_other_code_is_not_matched" time="0.000" classname="lk.ac.mrt.cse.mscresearch.codeclones.FieldOpDecodeRegExTest"/>
  <testcase name="test_other_code_is_not_matched" time="0.000" classname="lk.ac.mrt.cse.mscresearch.codeclones.FieldOpDecodeRegExTest"/>
  <testcase name="test_other_code_is_not_matched" time="0.006" classname="lk.ac.mrt.cse.mscresearch.codeclones.FieldOpDecodeRegExTest"/>
  <testcase name="test_other_code_is_not_matched" time="0.000" classname="lk.ac.mrt.cse.mscresearch.codeclones.FieldOpDecodeRegExTest"/>
  <testcase name="test_other_code_is_not_matched" time="0.000" classname="lk.ac.mrt.cse.mscresearch.codeclones.FieldOpDecodeRegExTest"/>
  <testcase name="test_other_code_is_not_matched" time="0.000" classname="lk.ac.mrt.cse.mscresearch.codeclones.FieldOpDecodeRegExTest"/>
  <testcase name="test_other_code_is_not_matched" time="0.000" classname="lk.ac.mrt.cse.mscresearch.codeclones.FieldOpDecodeRegExTest"/>
  <testcase name="test_other_code_is_not_matched" time="0.000" classname="lk.ac.mrt.cse.mscresearch.codeclones.FieldOpDecodeRegExTest"/>
  <testcase name="test_other_code_is_not_matched" time="0.000" classname="lk.ac.mrt.cse.mscresearch.codeclones.FieldOpDecodeRegExTest"/>
  <testcase name="test_other_code_is_not_matched" time="0.000" classname="lk.ac.mrt.cse.mscresearch.codeclones.FieldOpDecodeRegExTest"/>
  <testcase name="test_other_code_is_not_matched" time="0.000" classname="lk.ac.mrt.cse.mscresearch.codeclones.FieldOpDecodeRegExTest"/>
  <testcase name="test_other_code_is_not_matched" time="0.000" classname="lk.ac.mrt.cse.mscresearch.codeclones.FieldOpDecodeRegExTest"/>
  <testcase name="test_other_code_is_not_matched" time="0.000" classname="lk.ac.mrt.cse.mscresearch.codeclones.FieldOpDecodeRegExTest"/>
  <testcase name="test_other_code_is_not_matched" time="0.001" classname="lk.ac.mrt.cse.mscresearch.codeclones.FieldOpDecodeRegExTest"/>
  <testcase name="test_other_code_is_not_matched" time="0.000" classname="lk.ac.mrt.cse.mscresearch.codeclones.FieldOpDecodeRegExTest"/>
  <testcase name="test_other_code_is_not_matched" time="0.001" classname="lk.ac.mrt.cse.mscresearch.codeclones.FieldOpDecodeRegExTest"/>
  <testcase name="test_other_code_is_not_matched" time="0.000" classname="lk.ac.mrt.cse.mscresearch.codeclones.FieldOpDecodeRegExTest"/>
  <testcase name="test_other_code_is_not_matched" time="0.015" classname="lk.ac.mrt.cse.mscresearch.codeclones.FieldOpDecodeRegExTest"/>
  <testcase name="test_other_code_is_not_matched" time="0.001" classname="lk.ac.mrt.cse.mscresearch.codeclones.FieldOpDecodeRegExTest"/>
  <testcase name="test_other_code_is_not_matched" time="0.000" classname="lk.ac.mrt.cse.mscresearch.codeclones.FieldOpDecodeRegExTest"/>
  <testcase name="test_other_code_is_not_matched" time="0.001" classname="lk.ac.mrt.cse.mscresearch.codeclones.FieldOpDecodeRegExTest"/>
  <testcase name="test_other_code_is_not_matched" time="0.000" classname="lk.ac.mrt.cse.mscresearch.codeclones.FieldOpDecodeRegExTest"/>
  <testcase name="test_other_code_is_not_matched" time="0.000" classname="lk.ac.mrt.cse.mscresearch.codeclones.FieldOpDecodeRegExTest"/>
  <testcase name="test_other_code_is_not_matched" time="0.000" classname="lk.ac.mrt.cse.mscresearch.codeclones.FieldOpDecodeRegExTest"/>
  <testcase name="test_other_code_is_not_matched" time="0.000" classname="lk.ac.mrt.cse.mscresearch.codeclones.FieldOpDecodeRegExTest"/>
  <testcase name="test_other_code_is_not_matched" time="0.001" classname="lk.ac.mrt.cse.mscresearch.codeclones.FieldOpDecodeRegExTest"/>
  <testcase name="test_other_code_is_not_matched" time="0.001" classname="lk.ac.mrt.cse.mscresearch.codeclones.FieldOpDecodeRegExTest"/>
  <testcase name="test_other_code_is_not_matched" time="0.000" classname="lk.ac.mrt.cse.mscresearch.codeclones.FieldOpDecodeRegExTest"/>
  <testcase name="test_other_code_is_not_matched" time="0.000" classname="lk.ac.mrt.cse.mscresearch.codeclones.FieldOpDecodeRegExTest"/>
  <testcase name="test_other_code_is_not_matched" time="0.000" classname="lk.ac.mrt.cse.mscresearch.codeclones.FieldOpDecodeRegExTest"/>
  <testcase name="test_other_code_is_not_matched" time="0.000" classname="lk.ac.mrt.cse.mscresearch.codeclones.FieldOpDecodeRegExTest"/>
  <testcase name="test_other_code_is_not_matched" time="0.001" classname="lk.ac.mrt.cse.mscresearch.codeclones.FieldOpDecodeRegExTest"/>
  <testcase name="test_other_code_is_not_matched" time="0.000" classname="lk.ac.mrt.cse.mscresearch.codeclones.FieldOpDecodeRegExTest"/>
  <testcase name="testinvoke" time="0.001" classname="lk.ac.mrt.cse.mscresearch.codeclones.FieldOpDecodeRegExTest"/>
  <testcase name="test_other_code_is_not_matched" time="0.000" classname="lk.ac.mrt.cse.mscresearch.codeclones.FieldOpDecodeRegExTest"/>
  <testcase name="testinvoke" time="0.000" classname="lk.ac.mrt.cse.mscresearch.codeclones.FieldOpDecodeRegExTest"/>
  <testcase name="test_other_code_is_not_matched" time="0.001" classname="lk.ac.mrt.cse.mscresearch.codeclones.FieldOpDecodeRegExTest"/>
  <testcase name="test_other_code_is_not_matched" time="0.000" classname="lk.ac.mrt.cse.mscresearch.codeclones.FieldOpDecodeRegExTest"/>
  <testcase name="test_other_code_is_not_matched" time="0.001" classname="lk.ac.mrt.cse.mscresearch.codeclones.FieldOpDecodeRegExTest"/>
  <testcase name="test_other_code_is_not_matched" time="0.001" classname="lk.ac.mrt.cse.mscresearch.codeclones.FieldOpDecodeRegExTest"/>
  <testcase name="test_other_code_is_not_matched" time="0.000" classname="lk.ac.mrt.cse.mscresearch.codeclones.FieldOpDecodeRegExTest"/>
  <testcase name="test_other_code_is_not_matched" time="0.001" classname="lk.ac.mrt.cse.mscresearch.codeclones.FieldOpDecodeRegExTest"/>
  <testcase name="test_other_code_is_not_matched" time="0.001" classname="lk.ac.mrt.cse.mscresearch.codeclones.FieldOpDecodeRegExTest"/>
  <testcase name="test_other_code_is_not_matched" time="0.000" classname="lk.ac.mrt.cse.mscresearch.codeclones.FieldOpDecodeRegExTest"/>
  <testcase name="test_other_code_is_not_matched" time="0.000" classname="lk.ac.mrt.cse.mscresearch.codeclones.FieldOpDecodeRegExTest"/>
  <testcase name="test_other_code_is_not_matched" time="0.000" classname="lk.ac.mrt.cse.mscresearch.codeclones.FieldOpDecodeRegExTest"/>
  <testcase name="test_other_code_is_not_matched" time="0.000" classname="lk.ac.mrt.cse.mscresearch.codeclones.FieldOpDecodeRegExTest"/>
  <testcase name="test_other_code_is_not_matched" time="0.000" classname="lk.ac.mrt.cse.mscresearch.codeclones.FieldOpDecodeRegExTest"/>
  <testcase name="test_other_code_is_not_matched" time="0.001" classname="lk.ac.mrt.cse.mscresearch.codeclones.FieldOpDecodeRegExTest"/>
  <testcase name="test_other_code_is_not_matched" time="0.001" classname="lk.ac.mrt.cse.mscresearch.codeclones.FieldOpDecodeRegExTest"/>
  <testcase name="test_other_code_is_not_matched" time="0.000" classname="lk.ac.mrt.cse.mscresearch.codeclones.FieldOpDecodeRegExTest"/>
  <testcase name="test_other_code_is_not_matched" time="0.000" classname="lk.ac.mrt.cse.mscresearch.codeclones.FieldOpDecodeRegExTest"/>
  <testcase name="test_other_code_is_not_matched" time="0.000" classname="lk.ac.mrt.cse.mscresearch.codeclones.FieldOpDecodeRegExTest"/>
  <testcase name="test_other_code_is_not_matched" time="0.001" classname="lk.ac.mrt.cse.mscresearch.codeclones.FieldOpDecodeRegExTest"/>
  <testcase name="test_other_code_is_not_matched" time="0.000" classname="lk.ac.mrt.cse.mscresearch.codeclones.FieldOpDecodeRegExTest"/>
  <testcase name="test_other_code_is_not_matched" time="0.000" classname="lk.ac.mrt.cse.mscresearch.codeclones.FieldOpDecodeRegExTest"/>
  <testcase name="test_other_code_is_not_matched" time="0.000" classname="lk.ac.mrt.cse.mscresearch.codeclones.FieldOpDecodeRegExTest"/>
  <testcase name="test_other_code_is_not_matched" time="0.000" classname="lk.ac.mrt.cse.mscresearch.codeclones.FieldOpDecodeRegExTest"/>
  <testcase name="test_other_code_is_not_matched" time="0.000" classname="lk.ac.mrt.cse.mscresearch.codeclones.FieldOpDecodeRegExTest"/>
  <testcase name="test_other_code_is_not_matched" time="0.001" classname="lk.ac.mrt.cse.mscresearch.codeclones.FieldOpDecodeRegExTest"/>
  <testcase name="test_other_code_is_not_matched" time="0.000" classname="lk.ac.mrt.cse.mscresearch.codeclones.FieldOpDecodeRegExTest"/>
  <testcase name="test_other_code_is_not_matched" time="0.001" classname="lk.ac.mrt.cse.mscresearch.codeclones.FieldOpDecodeRegExTest"/>
  <testcase name="test_other_code_is_not_matched" time="0.000" classname="lk.ac.mrt.cse.mscresearch.codeclones.FieldOpDecodeRegExTest"/>
  <testcase name="test_other_code_is_not_matched" time="0.001" classname="lk.ac.mrt.cse.mscresearch.codeclones.FieldOpDecodeRegExTest"/>
  <testcase name="testinvoke" time="0.001" classname="lk.ac.mrt.cse.mscresearch.codeclones.FieldOpDecodeRegExTest"/>
  <testcase name="test_other_code_is_not_matched" time="0.001" classname="lk.ac.mrt.cse.mscresearch.codeclones.FieldOpDecodeRegExTest"/>
  <testcase name="test_other_code_is_not_matched" time="0.001" classname="lk.ac.mrt.cse.mscresearch.codeclones.FieldOpDecodeRegExTest"/>
  <testcase name="test_other_code_is_not_matched" time="0.000" classname="lk.ac.mrt.cse.mscresearch.codeclones.FieldOpDecodeRegExTest"/>
  <testcase name="test_other_code_is_not_matched" time="0.008" classname="lk.ac.mrt.cse.mscresearch.codeclones.FieldOpDecodeRegExTest"/>
  <testcase name="test_other_code_is_not_matched" time="0.001" classname="lk.ac.mrt.cse.mscresearch.codeclones.FieldOpDecodeRegExTest"/>
  <testcase name="test_other_code_is_not_matched" time="0.000" classname="lk.ac.mrt.cse.mscresearch.codeclones.FieldOpDecodeRegExTest"/>
  <testcase name="test_other_code_is_not_matched" time="0.000" classname="lk.ac.mrt.cse.mscresearch.codeclones.FieldOpDecodeRegExTest"/>
  <testcase name="test_other_code_is_not_matched" time="0.001" classname="lk.ac.mrt.cse.mscresearch.codeclones.FieldOpDecodeRegExTest"/>
  <testcase name="test_other_code_is_not_matched" time="0.000" classname="lk.ac.mrt.cse.mscresearch.codeclones.FieldOpDecodeRegExTest"/>
  <testcase name="test_other_code_is_not_matched" time="0.014" classname="lk.ac.mrt.cse.mscresearch.codeclones.FieldOpDecodeRegExTest"/>
  <testcase name="test_other_code_is_not_matched" time="0.000" classname="lk.ac.mrt.cse.mscresearch.codeclones.FieldOpDecodeRegExTest"/>
  <testcase name="test_other_code_is_not_matched" time="0.001" classname="lk.ac.mrt.cse.mscresearch.codeclones.FieldOpDecodeRegExTest"/>
  <testcase name="test_other_code_is_not_matched" time="0.004" classname="lk.ac.mrt.cse.mscresearch.codeclones.FieldOpDecodeRegExTest"/>
  <testcase name="test_other_code_is_not_matched" time="0.000" classname="lk.ac.mrt.cse.mscresearch.codeclones.FieldOpDecodeRegExTest"/>
  <testcase name="test_other_code_is_not_matched" time="0.001" classname="lk.ac.mrt.cse.mscresearch.codeclones.FieldOpDecodeRegExTest"/>
  <testcase name="test_other_code_is_not_matched" time="0.000" classname="lk.ac.mrt.cse.mscresearch.codeclones.FieldOpDecodeRegExTest"/>
  <testcase name="test_other_code_is_not_matched" time="0.001" classname="lk.ac.mrt.cse.mscresearch.codeclones.FieldOpDecodeRegExTest"/>
  <testcase name="test_other_code_is_not_matched" time="0.000" classname="lk.ac.mrt.cse.mscresearch.codeclones.FieldOpDecodeRegExTest"/>
  <testcase name="test_other_code_is_not_matched" time="0.000" classname="lk.ac.mrt.cse.mscresearch.codeclones.FieldOpDecodeRegExTest"/>
  <testcase name="test_other_code_is_not_matched" time="0.000" classname="lk.ac.mrt.cse.mscresearch.codeclones.FieldOpDecodeRegExTest"/>
  <testcase name="test_other_code_is_not_matched" time="0.001" classname="lk.ac.mrt.cse.mscresearch.codeclones.FieldOpDecodeRegExTest"/>
  <testcase name="test_other_code_is_not_matched" time="0.001" classname="lk.ac.mrt.cse.mscresearch.codeclones.FieldOpDecodeRegExTest"/>
  <testcase name="test_other_code_is_not_matched" time="0.001" classname="lk.ac.mrt.cse.mscresearch.codeclones.FieldOpDecodeRegExTest"/>
  <testcase name="test_other_code_is_not_matched" time="0.000" classname="lk.ac.mrt.cse.mscresearch.codeclones.FieldOpDecodeRegExTest"/>
  <testcase name="test_other_code_is_not_matched" time="0.000" classname="lk.ac.mrt.cse.mscresearch.codeclones.FieldOpDecodeRegExTest"/>
  <testcase name="test_other_code_is_not_matched" time="0.000" classname="lk.ac.mrt.cse.mscresearch.codeclones.FieldOpDecodeRegExTest"/>
  <testcase name="testinvoke" time="0.001" classname="lk.ac.mrt.cse.mscresearch.codeclones.FieldOpDecodeRegExTest"/>
  <testcase name="test_other_code_is_not_matched" time="0.001" classname="lk.ac.mrt.cse.mscresearch.codeclones.FieldOpDecodeRegExTest"/>
  <testcase name="test_other_code_is_not_matched" time="0.001" classname="lk.ac.mrt.cse.mscresearch.codeclones.FieldOpDecodeRegExTest"/>
  <testcase name="test_other_code_is_not_matched" time="0.000" classname="lk.ac.mrt.cse.mscresearch.codeclones.FieldOpDecodeRegExTest"/>
  <testcase name="test_other_code_is_not_matched" time="0.000" classname="lk.ac.mrt.cse.mscresearch.codeclones.FieldOpDecodeRegExTest"/>
  <testcase name="test_other_code_is_not_matched" time="0.000" classname="lk.ac.mrt.cse.mscresearch.codeclones.FieldOpDecodeRegExTest"/>
  <testcase name="test_other_code_is_not_matched" time="0.000" classname="lk.ac.mrt.cse.mscresearch.codeclones.FieldOpDecodeRegExTest"/>
  <testcase name="test_other_code_is_not_matched" time="0.000" classname="lk.ac.mrt.cse.mscresearch.codeclones.FieldOpDecodeRegExTest"/>
  <testcase name="test_other_code_is_not_matched" time="0.001" classname="lk.ac.mrt.cse.mscresearch.codeclones.FieldOpDecodeRegExTest"/>
  <testcase name="test_other_code_is_not_matched" time="0.000" classname="lk.ac.mrt.cse.mscresearch.codeclones.FieldOpDecodeRegExTest"/>
  <testcase name="test_other_code_is_not_matched" time="0.000" classname="lk.ac.mrt.cse.mscresearch.codeclones.FieldOpDecodeRegExTest"/>
  <testcase name="test_other_code_is_not_matched" time="0.000" classname="lk.ac.mrt.cse.mscresearch.codeclones.FieldOpDecodeRegExTest"/>
  <testcase name="test_other_code_is_not_matched" time="0.001" classname="lk.ac.mrt.cse.mscresearch.codeclones.FieldOpDecodeRegExTest"/>
  <testcase name="testinvoke" time="0.001" classname="lk.ac.mrt.cse.mscresearch.codeclones.FieldOpDecodeRegExTest"/>
  <testcase name="test_other_code_is_not_matched" time="0.000" classname="lk.ac.mrt.cse.mscresearch.codeclones.FieldOpDecodeRegExTest"/>
</testsuite> <!-- lk.ac.mrt.cse.mscresearch.codeclones.FieldOpDecodeRegExTest -->
