<?xml version="1.0" encoding="UTF-8"?>
<!-- Generated by org.testng.reporters.JUnitReportReporter -->
<testsuite skipped="0" hostname="DESKTOP-BTIBFS2" name="lk.ac.mrt.cse.mscresearch.codeclones.RegularExpressionUtilTest" tests="14" failures="0" timestamp="30 Dec 2018 03:27:40 GMT" time="0.076" errors="0">
  <testcase name="test_byte_code_accessibleMethods" time="0.001" classname="lk.ac.mrt.cse.mscresearch.codeclones.RegularExpressionUtilTest"/>
  <testcase name="test_byte_code_accessibleMethods" time="0.003" classname="lk.ac.mrt.cse.mscresearch.codeclones.RegularExpressionUtilTest"/>
  <testcase name="test_byte_code_accessibleMethods" time="0.001" classname="lk.ac.mrt.cse.mscresearch.codeclones.RegularExpressionUtilTest"/>
  <testcase name="test_byte_code_accessibleMethods" time="0.000" classname="lk.ac.mrt.cse.mscresearch.codeclones.RegularExpressionUtilTest"/>
  <testcase name="testMethodExtrat" time="0.014" classname="lk.ac.mrt.cse.mscresearch.codeclones.RegularExpressionUtilTest"/>
  <testcase name="testMethodExtrat" time="0.022" classname="lk.ac.mrt.cse.mscresearch.codeclones.RegularExpressionUtilTest"/>
  <testcase name="test_byte_code_accessibleMethods" time="0.001" classname="lk.ac.mrt.cse.mscresearch.codeclones.RegularExpressionUtilTest"/>
  <testcase name="test_byte_code_accessibleMethods" time="0.001" classname="lk.ac.mrt.cse.mscresearch.codeclones.RegularExpressionUtilTest"/>
  <testcase name="testSplitMethods" time="0.018" classname="lk.ac.mrt.cse.mscresearch.codeclones.RegularExpressionUtilTest"/>
  <testcase name="testSplitMethods" time="0.008" classname="lk.ac.mrt.cse.mscresearch.codeclones.RegularExpressionUtilTest"/>
  <testcase name="test_byte_code_accessibleMethods" time="0.001" classname="lk.ac.mrt.cse.mscresearch.codeclones.RegularExpressionUtilTest"/>
  <testcase name="test_byte_code_accessibleMethods" time="0.002" classname="lk.ac.mrt.cse.mscresearch.codeclones.RegularExpressionUtilTest"/>
  <testcase name="test_byte_code_accessibleMethods" time="0.001" classname="lk.ac.mrt.cse.mscresearch.codeclones.RegularExpressionUtilTest"/>
  <testcase name="test_byte_code_accessibleMethods" time="0.003" classname="lk.ac.mrt.cse.mscresearch.codeclones.RegularExpressionUtilTest"/>
</testsuite> <!-- lk.ac.mrt.cse.mscresearch.codeclones.RegularExpressionUtilTest -->
