<?xml version="1.0" encoding="UTF-8"?>
<!-- Generated by org.testng.reporters.JUnitReportReporter -->
<testsuite skipped="0" hostname="DESKTOP-BTIBFS2" name="lk.ac.mrt.cse.mscresearch.codeclones.ConstructorDecodeRegExTest" tests="172" failures="0" timestamp="26 Dec 2018 17:06:26 GMT" time="0.144" errors="0">
  <testcase name="test_other_code_is_not_matched" time="0.000" classname="lk.ac.mrt.cse.mscresearch.codeclones.ConstructorDecodeRegExTest"/>
  <testcase name="test_other_code_is_not_matched" time="0.000" classname="lk.ac.mrt.cse.mscresearch.codeclones.ConstructorDecodeRegExTest"/>
  <testcase name="test_other_code_is_not_matched" time="0.001" classname="lk.ac.mrt.cse.mscresearch.codeclones.ConstructorDecodeRegExTest"/>
  <testcase name="test_other_code_is_not_matched" time="0.000" classname="lk.ac.mrt.cse.mscresearch.codeclones.ConstructorDecodeRegExTest"/>
  <testcase name="test_other_code_is_not_matched" time="0.000" classname="lk.ac.mrt.cse.mscresearch.codeclones.ConstructorDecodeRegExTest"/>
  <testcase name="test_other_code_is_not_matched" time="0.001" classname="lk.ac.mrt.cse.mscresearch.codeclones.ConstructorDecodeRegExTest"/>
  <testcase name="test_other_code_is_not_matched" time="0.000" classname="lk.ac.mrt.cse.mscresearch.codeclones.ConstructorDecodeRegExTest"/>
  <testcase name="test_other_code_is_not_matched" time="0.000" classname="lk.ac.mrt.cse.mscresearch.codeclones.ConstructorDecodeRegExTest"/>
  <testcase name="test_other_code_is_not_matched" time="0.000" classname="lk.ac.mrt.cse.mscresearch.codeclones.ConstructorDecodeRegExTest"/>
  <testcase name="test_other_code_is_not_matched" time="0.000" classname="lk.ac.mrt.cse.mscresearch.codeclones.ConstructorDecodeRegExTest"/>
  <testcase name="test_other_code_is_not_matched" time="0.000" classname="lk.ac.mrt.cse.mscresearch.codeclones.ConstructorDecodeRegExTest"/>
  <testcase name="test_other_code_is_not_matched" time="0.000" classname="lk.ac.mrt.cse.mscresearch.codeclones.ConstructorDecodeRegExTest"/>
  <testcase name="test_other_code_is_not_matched" time="0.000" classname="lk.ac.mrt.cse.mscresearch.codeclones.ConstructorDecodeRegExTest"/>
  <testcase name="test_other_code_is_not_matched" time="0.000" classname="lk.ac.mrt.cse.mscresearch.codeclones.ConstructorDecodeRegExTest"/>
  <testcase name="test_other_code_is_not_matched" time="0.000" classname="lk.ac.mrt.cse.mscresearch.codeclones.ConstructorDecodeRegExTest"/>
  <testcase name="test_other_code_is_not_matched" time="0.000" classname="lk.ac.mrt.cse.mscresearch.codeclones.ConstructorDecodeRegExTest"/>
  <testcase name="test_other_code_is_not_matched" time="0.000" classname="lk.ac.mrt.cse.mscresearch.codeclones.ConstructorDecodeRegExTest"/>
  <testcase name="test_other_code_is_not_matched" time="0.000" classname="lk.ac.mrt.cse.mscresearch.codeclones.ConstructorDecodeRegExTest"/>
  <testcase name="test_other_code_is_not_matched" time="0.001" classname="lk.ac.mrt.cse.mscresearch.codeclones.ConstructorDecodeRegExTest"/>
  <testcase name="test_other_code_is_not_matched" time="0.000" classname="lk.ac.mrt.cse.mscresearch.codeclones.ConstructorDecodeRegExTest"/>
  <testcase name="test_other_code_is_not_matched" time="0.001" classname="lk.ac.mrt.cse.mscresearch.codeclones.ConstructorDecodeRegExTest"/>
  <testcase name="test_other_code_is_not_matched" time="0.000" classname="lk.ac.mrt.cse.mscresearch.codeclones.ConstructorDecodeRegExTest"/>
  <testcase name="test_other_code_is_not_matched" time="0.000" classname="lk.ac.mrt.cse.mscresearch.codeclones.ConstructorDecodeRegExTest"/>
  <testcase name="test_other_code_is_not_matched" time="0.000" classname="lk.ac.mrt.cse.mscresearch.codeclones.ConstructorDecodeRegExTest"/>
  <testcase name="test_other_code_is_not_matched" time="0.000" classname="lk.ac.mrt.cse.mscresearch.codeclones.ConstructorDecodeRegExTest"/>
  <testcase name="test_other_code_is_not_matched" time="0.001" classname="lk.ac.mrt.cse.mscresearch.codeclones.ConstructorDecodeRegExTest"/>
  <testcase name="test_other_code_is_not_matched" time="0.000" classname="lk.ac.mrt.cse.mscresearch.codeclones.ConstructorDecodeRegExTest"/>
  <testcase name="test_other_code_is_not_matched" time="0.001" classname="lk.ac.mrt.cse.mscresearch.codeclones.ConstructorDecodeRegExTest"/>
  <testcase name="test_other_code_is_not_matched" time="0.000" classname="lk.ac.mrt.cse.mscresearch.codeclones.ConstructorDecodeRegExTest"/>
  <testcase name="test_other_code_is_not_matched" time="0.001" classname="lk.ac.mrt.cse.mscresearch.codeclones.ConstructorDecodeRegExTest"/>
  <testcase name="test_other_code_is_not_matched" time="0.000" classname="lk.ac.mrt.cse.mscresearch.codeclones.ConstructorDecodeRegExTest"/>
  <testcase name="test_other_code_is_not_matched" time="0.000" classname="lk.ac.mrt.cse.mscresearch.codeclones.ConstructorDecodeRegExTest"/>
  <testcase name="test_other_code_is_not_matched" time="0.000" classname="lk.ac.mrt.cse.mscresearch.codeclones.ConstructorDecodeRegExTest"/>
  <testcase name="test_other_code_is_not_matched" time="0.000" classname="lk.ac.mrt.cse.mscresearch.codeclones.ConstructorDecodeRegExTest"/>
  <testcase name="test_other_code_is_not_matched" time="0.000" classname="lk.ac.mrt.cse.mscresearch.codeclones.ConstructorDecodeRegExTest"/>
  <testcase name="test_other_code_is_not_matched" time="0.000" classname="lk.ac.mrt.cse.mscresearch.codeclones.ConstructorDecodeRegExTest"/>
  <testcase name="test_other_code_is_not_matched" time="0.000" classname="lk.ac.mrt.cse.mscresearch.codeclones.ConstructorDecodeRegExTest"/>
  <testcase name="test_other_code_is_not_matched" time="0.000" classname="lk.ac.mrt.cse.mscresearch.codeclones.ConstructorDecodeRegExTest"/>
  <testcase name="test_other_code_is_not_matched" time="0.000" classname="lk.ac.mrt.cse.mscresearch.codeclones.ConstructorDecodeRegExTest"/>
  <testcase name="test_other_code_is_not_matched" time="0.000" classname="lk.ac.mrt.cse.mscresearch.codeclones.ConstructorDecodeRegExTest"/>
  <testcase name="test_other_code_is_not_matched" time="0.000" classname="lk.ac.mrt.cse.mscresearch.codeclones.ConstructorDecodeRegExTest"/>
  <testcase name="test_other_code_is_not_matched" time="0.000" classname="lk.ac.mrt.cse.mscresearch.codeclones.ConstructorDecodeRegExTest"/>
  <testcase name="test_other_code_is_not_matched" time="0.000" classname="lk.ac.mrt.cse.mscresearch.codeclones.ConstructorDecodeRegExTest"/>
  <testcase name="test_other_code_is_not_matched" time="0.000" classname="lk.ac.mrt.cse.mscresearch.codeclones.ConstructorDecodeRegExTest"/>
  <testcase name="test_other_code_is_not_matched" time="0.001" classname="lk.ac.mrt.cse.mscresearch.codeclones.ConstructorDecodeRegExTest"/>
  <testcase name="test_other_code_is_not_matched" time="0.000" classname="lk.ac.mrt.cse.mscresearch.codeclones.ConstructorDecodeRegExTest"/>
  <testcase name="test_other_code_is_not_matched" time="0.001" classname="lk.ac.mrt.cse.mscresearch.codeclones.ConstructorDecodeRegExTest"/>
  <testcase name="test_other_code_is_not_matched" time="0.000" classname="lk.ac.mrt.cse.mscresearch.codeclones.ConstructorDecodeRegExTest"/>
  <testcase name="test_other_code_is_not_matched" time="0.000" classname="lk.ac.mrt.cse.mscresearch.codeclones.ConstructorDecodeRegExTest"/>
  <testcase name="test_other_code_is_not_matched" time="0.001" classname="lk.ac.mrt.cse.mscresearch.codeclones.ConstructorDecodeRegExTest"/>
  <testcase name="test_other_code_is_not_matched" time="0.000" classname="lk.ac.mrt.cse.mscresearch.codeclones.ConstructorDecodeRegExTest"/>
  <testcase name="test_other_code_is_not_matched" time="0.000" classname="lk.ac.mrt.cse.mscresearch.codeclones.ConstructorDecodeRegExTest"/>
  <testcase name="test_other_code_is_not_matched" time="0.000" classname="lk.ac.mrt.cse.mscresearch.codeclones.ConstructorDecodeRegExTest"/>
  <testcase name="test_other_code_is_not_matched" time="0.000" classname="lk.ac.mrt.cse.mscresearch.codeclones.ConstructorDecodeRegExTest"/>
  <testcase name="test_other_code_is_not_matched" time="0.000" classname="lk.ac.mrt.cse.mscresearch.codeclones.ConstructorDecodeRegExTest"/>
  <testcase name="test_other_code_is_not_matched" time="0.000" classname="lk.ac.mrt.cse.mscresearch.codeclones.ConstructorDecodeRegExTest"/>
  <testcase name="test_other_code_is_not_matched" time="0.000" classname="lk.ac.mrt.cse.mscresearch.codeclones.ConstructorDecodeRegExTest"/>
  <testcase name="test_other_code_is_not_matched" time="0.000" classname="lk.ac.mrt.cse.mscresearch.codeclones.ConstructorDecodeRegExTest"/>
  <testcase name="test_other_code_is_not_matched" time="0.000" classname="lk.ac.mrt.cse.mscresearch.codeclones.ConstructorDecodeRegExTest"/>
  <testcase name="test_other_code_is_not_matched" time="0.000" classname="lk.ac.mrt.cse.mscresearch.codeclones.ConstructorDecodeRegExTest"/>
  <testcase name="test_other_code_is_not_matched" time="0.000" classname="lk.ac.mrt.cse.mscresearch.codeclones.ConstructorDecodeRegExTest"/>
  <testcase name="test_other_code_is_not_matched" time="0.000" classname="lk.ac.mrt.cse.mscresearch.codeclones.ConstructorDecodeRegExTest"/>
  <testcase name="test_other_code_is_not_matched" time="0.000" classname="lk.ac.mrt.cse.mscresearch.codeclones.ConstructorDecodeRegExTest"/>
  <testcase name="test_other_code_is_not_matched" time="0.000" classname="lk.ac.mrt.cse.mscresearch.codeclones.ConstructorDecodeRegExTest"/>
  <testcase name="test_other_code_is_not_matched" time="0.000" classname="lk.ac.mrt.cse.mscresearch.codeclones.ConstructorDecodeRegExTest"/>
  <testcase name="test_other_code_is_not_matched" time="0.000" classname="lk.ac.mrt.cse.mscresearch.codeclones.ConstructorDecodeRegExTest"/>
  <testcase name="test_other_code_is_not_matched" time="0.000" classname="lk.ac.mrt.cse.mscresearch.codeclones.ConstructorDecodeRegExTest"/>
  <testcase name="testinvoke" time="0.000" classname="lk.ac.mrt.cse.mscresearch.codeclones.ConstructorDecodeRegExTest"/>
  <testcase name="test_other_code_is_not_matched" time="0.000" classname="lk.ac.mrt.cse.mscresearch.codeclones.ConstructorDecodeRegExTest"/>
  <testcase name="test_other_code_is_not_matched" time="0.000" classname="lk.ac.mrt.cse.mscresearch.codeclones.ConstructorDecodeRegExTest"/>
  <testcase name="test_other_code_is_not_matched" time="0.000" classname="lk.ac.mrt.cse.mscresearch.codeclones.ConstructorDecodeRegExTest"/>
  <testcase name="test_other_code_is_not_matched" time="0.000" classname="lk.ac.mrt.cse.mscresearch.codeclones.ConstructorDecodeRegExTest"/>
  <testcase name="test_other_code_is_not_matched" time="0.000" classname="lk.ac.mrt.cse.mscresearch.codeclones.ConstructorDecodeRegExTest"/>
  <testcase name="test_other_code_is_not_matched" time="0.000" classname="lk.ac.mrt.cse.mscresearch.codeclones.ConstructorDecodeRegExTest"/>
  <testcase name="test_other_code_is_not_matched" time="0.000" classname="lk.ac.mrt.cse.mscresearch.codeclones.ConstructorDecodeRegExTest"/>
  <testcase name="test_other_code_is_not_matched" time="0.000" classname="lk.ac.mrt.cse.mscresearch.codeclones.ConstructorDecodeRegExTest"/>
  <testcase name="test_other_code_is_not_matched" time="0.000" classname="lk.ac.mrt.cse.mscresearch.codeclones.ConstructorDecodeRegExTest"/>
  <testcase name="test_other_code_is_not_matched" time="0.000" classname="lk.ac.mrt.cse.mscresearch.codeclones.ConstructorDecodeRegExTest"/>
  <testcase name="test_other_code_is_not_matched" time="0.000" classname="lk.ac.mrt.cse.mscresearch.codeclones.ConstructorDecodeRegExTest"/>
  <testcase name="test_other_code_is_not_matched" time="0.000" classname="lk.ac.mrt.cse.mscresearch.codeclones.ConstructorDecodeRegExTest"/>
  <testcase name="test_other_code_is_not_matched" time="0.000" classname="lk.ac.mrt.cse.mscresearch.codeclones.ConstructorDecodeRegExTest"/>
  <testcase name="test_other_code_is_not_matched" time="0.000" classname="lk.ac.mrt.cse.mscresearch.codeclones.ConstructorDecodeRegExTest"/>
  <testcase name="test_other_code_is_not_matched" time="0.000" classname="lk.ac.mrt.cse.mscresearch.codeclones.ConstructorDecodeRegExTest"/>
  <testcase name="test_other_code_is_not_matched" time="0.000" classname="lk.ac.mrt.cse.mscresearch.codeclones.ConstructorDecodeRegExTest"/>
  <testcase name="test_other_code_is_not_matched" time="0.000" classname="lk.ac.mrt.cse.mscresearch.codeclones.ConstructorDecodeRegExTest"/>
  <testcase name="testinvoke" time="0.001" classname="lk.ac.mrt.cse.mscresearch.codeclones.ConstructorDecodeRegExTest"/>
  <testcase name="test_other_code_is_not_matched" time="0.001" classname="lk.ac.mrt.cse.mscresearch.codeclones.ConstructorDecodeRegExTest"/>
  <testcase name="test_other_code_is_not_matched" time="0.000" classname="lk.ac.mrt.cse.mscresearch.codeclones.ConstructorDecodeRegExTest"/>
  <testcase name="testinvoke" time="0.001" classname="lk.ac.mrt.cse.mscresearch.codeclones.ConstructorDecodeRegExTest"/>
  <testcase name="test_other_code_is_not_matched" time="0.000" classname="lk.ac.mrt.cse.mscresearch.codeclones.ConstructorDecodeRegExTest"/>
  <testcase name="test_other_code_is_not_matched" time="0.000" classname="lk.ac.mrt.cse.mscresearch.codeclones.ConstructorDecodeRegExTest"/>
  <testcase name="test_other_code_is_not_matched" time="0.000" classname="lk.ac.mrt.cse.mscresearch.codeclones.ConstructorDecodeRegExTest"/>
  <testcase name="test_other_code_is_not_matched" time="0.001" classname="lk.ac.mrt.cse.mscresearch.codeclones.ConstructorDecodeRegExTest"/>
  <testcase name="test_other_code_is_not_matched" time="0.000" classname="lk.ac.mrt.cse.mscresearch.codeclones.ConstructorDecodeRegExTest"/>
  <testcase name="test_other_code_is_not_matched" time="0.000" classname="lk.ac.mrt.cse.mscresearch.codeclones.ConstructorDecodeRegExTest"/>
  <testcase name="test_other_code_is_not_matched" time="0.000" classname="lk.ac.mrt.cse.mscresearch.codeclones.ConstructorDecodeRegExTest"/>
  <testcase name="test_other_code_is_not_matched" time="0.000" classname="lk.ac.mrt.cse.mscresearch.codeclones.ConstructorDecodeRegExTest"/>
  <testcase name="test_other_code_is_not_matched" time="0.001" classname="lk.ac.mrt.cse.mscresearch.codeclones.ConstructorDecodeRegExTest"/>
  <testcase name="test_other_code_is_not_matched" time="0.000" classname="lk.ac.mrt.cse.mscresearch.codeclones.ConstructorDecodeRegExTest"/>
  <testcase name="test_other_code_is_not_matched" time="0.000" classname="lk.ac.mrt.cse.mscresearch.codeclones.ConstructorDecodeRegExTest"/>
  <testcase name="test_other_code_is_not_matched" time="0.000" classname="lk.ac.mrt.cse.mscresearch.codeclones.ConstructorDecodeRegExTest"/>
  <testcase name="test_other_code_is_not_matched" time="0.000" classname="lk.ac.mrt.cse.mscresearch.codeclones.ConstructorDecodeRegExTest"/>
  <testcase name="test_other_code_is_not_matched" time="0.000" classname="lk.ac.mrt.cse.mscresearch.codeclones.ConstructorDecodeRegExTest"/>
  <testcase name="test_other_code_is_not_matched" time="0.000" classname="lk.ac.mrt.cse.mscresearch.codeclones.ConstructorDecodeRegExTest"/>
  <testcase name="test_other_code_is_not_matched" time="0.000" classname="lk.ac.mrt.cse.mscresearch.codeclones.ConstructorDecodeRegExTest"/>
  <testcase name="test_other_code_is_not_matched" time="0.000" classname="lk.ac.mrt.cse.mscresearch.codeclones.ConstructorDecodeRegExTest"/>
  <testcase name="test_other_code_is_not_matched" time="0.001" classname="lk.ac.mrt.cse.mscresearch.codeclones.ConstructorDecodeRegExTest"/>
  <testcase name="test_other_code_is_not_matched" time="0.000" classname="lk.ac.mrt.cse.mscresearch.codeclones.ConstructorDecodeRegExTest"/>
  <testcase name="test_other_code_is_not_matched" time="0.000" classname="lk.ac.mrt.cse.mscresearch.codeclones.ConstructorDecodeRegExTest"/>
  <testcase name="test_other_code_is_not_matched" time="0.000" classname="lk.ac.mrt.cse.mscresearch.codeclones.ConstructorDecodeRegExTest"/>
  <testcase name="test_other_code_is_not_matched" time="0.000" classname="lk.ac.mrt.cse.mscresearch.codeclones.ConstructorDecodeRegExTest"/>
  <testcase name="test_other_code_is_not_matched" time="0.000" classname="lk.ac.mrt.cse.mscresearch.codeclones.ConstructorDecodeRegExTest"/>
  <testcase name="test_other_code_is_not_matched" time="0.000" classname="lk.ac.mrt.cse.mscresearch.codeclones.ConstructorDecodeRegExTest"/>
  <testcase name="test_other_code_is_not_matched" time="0.000" classname="lk.ac.mrt.cse.mscresearch.codeclones.ConstructorDecodeRegExTest"/>
  <testcase name="test_other_code_is_not_matched" time="0.000" classname="lk.ac.mrt.cse.mscresearch.codeclones.ConstructorDecodeRegExTest"/>
  <testcase name="test_other_code_is_not_matched" time="0.000" classname="lk.ac.mrt.cse.mscresearch.codeclones.ConstructorDecodeRegExTest"/>
  <testcase name="test_other_code_is_not_matched" time="0.001" classname="lk.ac.mrt.cse.mscresearch.codeclones.ConstructorDecodeRegExTest"/>
  <testcase name="test_other_code_is_not_matched" time="0.001" classname="lk.ac.mrt.cse.mscresearch.codeclones.ConstructorDecodeRegExTest"/>
  <testcase name="test_other_code_is_not_matched" time="0.001" classname="lk.ac.mrt.cse.mscresearch.codeclones.ConstructorDecodeRegExTest"/>
  <testcase name="test_other_code_is_not_matched" time="0.010" classname="lk.ac.mrt.cse.mscresearch.codeclones.ConstructorDecodeRegExTest"/>
  <testcase name="test_other_code_is_not_matched" time="0.000" classname="lk.ac.mrt.cse.mscresearch.codeclones.ConstructorDecodeRegExTest"/>
  <testcase name="test_other_code_is_not_matched" time="0.000" classname="lk.ac.mrt.cse.mscresearch.codeclones.ConstructorDecodeRegExTest"/>
  <testcase name="test_other_code_is_not_matched" time="0.000" classname="lk.ac.mrt.cse.mscresearch.codeclones.ConstructorDecodeRegExTest"/>
  <testcase name="test_other_code_is_not_matched" time="0.000" classname="lk.ac.mrt.cse.mscresearch.codeclones.ConstructorDecodeRegExTest"/>
  <testcase name="test_other_code_is_not_matched" time="0.007" classname="lk.ac.mrt.cse.mscresearch.codeclones.ConstructorDecodeRegExTest"/>
  <testcase name="test_other_code_is_not_matched" time="0.000" classname="lk.ac.mrt.cse.mscresearch.codeclones.ConstructorDecodeRegExTest"/>
  <testcase name="test_other_code_is_not_matched" time="0.000" classname="lk.ac.mrt.cse.mscresearch.codeclones.ConstructorDecodeRegExTest"/>
  <testcase name="test_other_code_is_not_matched" time="0.000" classname="lk.ac.mrt.cse.mscresearch.codeclones.ConstructorDecodeRegExTest"/>
  <testcase name="test_other_code_is_not_matched" time="0.000" classname="lk.ac.mrt.cse.mscresearch.codeclones.ConstructorDecodeRegExTest"/>
  <testcase name="test_other_code_is_not_matched" time="0.000" classname="lk.ac.mrt.cse.mscresearch.codeclones.ConstructorDecodeRegExTest"/>
  <testcase name="test_other_code_is_not_matched" time="0.000" classname="lk.ac.mrt.cse.mscresearch.codeclones.ConstructorDecodeRegExTest"/>
  <testcase name="test_other_code_is_not_matched" time="0.001" classname="lk.ac.mrt.cse.mscresearch.codeclones.ConstructorDecodeRegExTest"/>
  <testcase name="test_other_code_is_not_matched" time="0.000" classname="lk.ac.mrt.cse.mscresearch.codeclones.ConstructorDecodeRegExTest"/>
  <testcase name="test_other_code_is_not_matched" time="0.001" classname="lk.ac.mrt.cse.mscresearch.codeclones.ConstructorDecodeRegExTest"/>
  <testcase name="test_other_code_is_not_matched" time="0.000" classname="lk.ac.mrt.cse.mscresearch.codeclones.ConstructorDecodeRegExTest"/>
  <testcase name="test_other_code_is_not_matched" time="0.000" classname="lk.ac.mrt.cse.mscresearch.codeclones.ConstructorDecodeRegExTest"/>
  <testcase name="test_other_code_is_not_matched" time="0.000" classname="lk.ac.mrt.cse.mscresearch.codeclones.ConstructorDecodeRegExTest"/>
  <testcase name="test_other_code_is_not_matched" time="0.000" classname="lk.ac.mrt.cse.mscresearch.codeclones.ConstructorDecodeRegExTest"/>
  <testcase name="test_other_code_is_not_matched" time="0.000" classname="lk.ac.mrt.cse.mscresearch.codeclones.ConstructorDecodeRegExTest"/>
  <testcase name="test_other_code_is_not_matched" time="0.000" classname="lk.ac.mrt.cse.mscresearch.codeclones.ConstructorDecodeRegExTest"/>
  <testcase name="test_other_code_is_not_matched" time="0.001" classname="lk.ac.mrt.cse.mscresearch.codeclones.ConstructorDecodeRegExTest"/>
  <testcase name="test_other_code_is_not_matched" time="0.000" classname="lk.ac.mrt.cse.mscresearch.codeclones.ConstructorDecodeRegExTest"/>
  <testcase name="test_other_code_is_not_matched" time="0.000" classname="lk.ac.mrt.cse.mscresearch.codeclones.ConstructorDecodeRegExTest"/>
  <testcase name="test_other_code_is_not_matched" time="0.000" classname="lk.ac.mrt.cse.mscresearch.codeclones.ConstructorDecodeRegExTest"/>
  <testcase name="test_other_code_is_not_matched" time="0.000" classname="lk.ac.mrt.cse.mscresearch.codeclones.ConstructorDecodeRegExTest"/>
  <testcase name="test_other_code_is_not_matched" time="0.042" classname="lk.ac.mrt.cse.mscresearch.codeclones.ConstructorDecodeRegExTest"/>
  <testcase name="test_other_code_is_not_matched" time="0.000" classname="lk.ac.mrt.cse.mscresearch.codeclones.ConstructorDecodeRegExTest"/>
  <testcase name="test_other_code_is_not_matched" time="0.000" classname="lk.ac.mrt.cse.mscresearch.codeclones.ConstructorDecodeRegExTest"/>
  <testcase name="test_other_code_is_not_matched" time="0.000" classname="lk.ac.mrt.cse.mscresearch.codeclones.ConstructorDecodeRegExTest"/>
  <testcase name="test_other_code_is_not_matched" time="0.000" classname="lk.ac.mrt.cse.mscresearch.codeclones.ConstructorDecodeRegExTest"/>
  <testcase name="test_other_code_is_not_matched" time="0.000" classname="lk.ac.mrt.cse.mscresearch.codeclones.ConstructorDecodeRegExTest"/>
  <testcase name="test_other_code_is_not_matched" time="0.001" classname="lk.ac.mrt.cse.mscresearch.codeclones.ConstructorDecodeRegExTest"/>
  <testcase name="test_other_code_is_not_matched" time="0.000" classname="lk.ac.mrt.cse.mscresearch.codeclones.ConstructorDecodeRegExTest"/>
  <testcase name="test_other_code_is_not_matched" time="0.000" classname="lk.ac.mrt.cse.mscresearch.codeclones.ConstructorDecodeRegExTest"/>
  <testcase name="test_other_code_is_not_matched" time="0.001" classname="lk.ac.mrt.cse.mscresearch.codeclones.ConstructorDecodeRegExTest"/>
  <testcase name="test_other_code_is_not_matched" time="0.001" classname="lk.ac.mrt.cse.mscresearch.codeclones.ConstructorDecodeRegExTest"/>
  <testcase name="test_other_code_is_not_matched" time="0.000" classname="lk.ac.mrt.cse.mscresearch.codeclones.ConstructorDecodeRegExTest"/>
  <testcase name="test_other_code_is_not_matched" time="0.000" classname="lk.ac.mrt.cse.mscresearch.codeclones.ConstructorDecodeRegExTest"/>
  <testcase name="test_other_code_is_not_matched" time="0.000" classname="lk.ac.mrt.cse.mscresearch.codeclones.ConstructorDecodeRegExTest"/>
  <testcase name="test_other_code_is_not_matched" time="0.000" classname="lk.ac.mrt.cse.mscresearch.codeclones.ConstructorDecodeRegExTest"/>
  <testcase name="test_other_code_is_not_matched" time="0.060" classname="lk.ac.mrt.cse.mscresearch.codeclones.ConstructorDecodeRegExTest"/>
  <testcase name="test_other_code_is_not_matched" time="0.000" classname="lk.ac.mrt.cse.mscresearch.codeclones.ConstructorDecodeRegExTest"/>
  <testcase name="test_other_code_is_not_matched" time="0.000" classname="lk.ac.mrt.cse.mscresearch.codeclones.ConstructorDecodeRegExTest"/>
  <testcase name="test_other_code_is_not_matched" time="0.000" classname="lk.ac.mrt.cse.mscresearch.codeclones.ConstructorDecodeRegExTest"/>
  <testcase name="test_other_code_is_not_matched" time="0.000" classname="lk.ac.mrt.cse.mscresearch.codeclones.ConstructorDecodeRegExTest"/>
  <testcase name="test_other_code_is_not_matched" time="0.000" classname="lk.ac.mrt.cse.mscresearch.codeclones.ConstructorDecodeRegExTest"/>
  <testcase name="test_other_code_is_not_matched" time="0.000" classname="lk.ac.mrt.cse.mscresearch.codeclones.ConstructorDecodeRegExTest"/>
  <testcase name="test_other_code_is_not_matched" time="0.000" classname="lk.ac.mrt.cse.mscresearch.codeclones.ConstructorDecodeRegExTest"/>
  <testcase name="test_other_code_is_not_matched" time="0.000" classname="lk.ac.mrt.cse.mscresearch.codeclones.ConstructorDecodeRegExTest"/>
  <testcase name="test_other_code_is_not_matched" time="0.000" classname="lk.ac.mrt.cse.mscresearch.codeclones.ConstructorDecodeRegExTest"/>
  <testcase name="test_other_code_is_not_matched" time="0.000" classname="lk.ac.mrt.cse.mscresearch.codeclones.ConstructorDecodeRegExTest"/>
  <testcase name="testinvoke" time="0.000" classname="lk.ac.mrt.cse.mscresearch.codeclones.ConstructorDecodeRegExTest"/>
</testsuite> <!-- lk.ac.mrt.cse.mscresearch.codeclones.ConstructorDecodeRegExTest -->
