<?xml version="1.0" encoding="UTF-8"?>
<!-- Generated by org.testng.reporters.JUnitReportReporter -->
<testsuite skipped="0" hostname="DESKTOP-BTIBFS2" name="lk.ac.mrt.cse.mscresearch.codeclones.bytecode.InstructionTokenizerTest" tests="2" failures="0" timestamp="30 Dec 2018 03:27:39 GMT" time="0.003" errors="0">
  <testcase name="testinvoke_infile" time="0.000" classname="lk.ac.mrt.cse.mscresearch.codeclones.bytecode.InstructionTokenizerTest"/>
  <testcase name="testinvoke" time="0.003" classname="lk.ac.mrt.cse.mscresearch.codeclones.bytecode.InstructionTokenizerTest"/>
</testsuite> <!-- lk.ac.mrt.cse.mscresearch.codeclones.bytecode.InstructionTokenizerTest -->
